Using pre-set license
Built from '2022.3/staging' branch; Version is '2022.3.17f1 (4fc78088f837) revision 5228416'; Using compiler version '192829333'; Build Type 'Release'
OS: 'Windows 11  (10.0.22631) 64bit CoreSingleLanguage' Language: 'en' Physical Memory: 15711 MB
BatchMode: 1, IsHumanControllingUs: 0, StartBugReporterOnCrash: 0, Is64bit: 1, IsPro: 1

COMMAND LINE ARGUMENTS:
C:\Program Files\Unity\Hub\Editor\2022.3.17f1\Editor\Unity.exe
-adb2
-batchMode
-noUpm
-name
AssetImportWorker2
-projectPath
C:/Users/rawat/Documents/GitHub/FIRST-PERSON-BASIC-GAME/FPS
-logFile
Logs/AssetImportWorker2.log
-srvPort
55732
Successfully changed project path to: C:/Users/rawat/Documents/GitHub/FIRST-PERSON-BASIC-GAME/FPS
C:/Users/rawat/Documents/GitHub/FIRST-PERSON-BASIC-GAME/FPS
[UnityMemory] Configuration Parameters - Can be set up in boot.config
    "memorysetup-bucket-allocator-granularity=16"
    "memorysetup-bucket-allocator-bucket-count=8"
    "memorysetup-bucket-allocator-block-size=33554432"
    "memorysetup-bucket-allocator-block-count=8"
    "memorysetup-main-allocator-block-size=16777216"
    "memorysetup-thread-allocator-block-size=16777216"
    "memorysetup-gfx-main-allocator-block-size=16777216"
    "memorysetup-gfx-thread-allocator-block-size=16777216"
    "memorysetup-cache-allocator-block-size=4194304"
    "memorysetup-typetree-allocator-block-size=2097152"
    "memorysetup-profiler-bucket-allocator-granularity=16"
    "memorysetup-profiler-bucket-allocator-bucket-count=8"
    "memorysetup-profiler-bucket-allocator-block-size=33554432"
    "memorysetup-profiler-bucket-allocator-block-count=8"
    "memorysetup-profiler-allocator-block-size=16777216"
    "memorysetup-profiler-editor-allocator-block-size=1048576"
    "memorysetup-temp-allocator-size-main=16777216"
    "memorysetup-job-temp-allocator-block-size=2097152"
    "memorysetup-job-temp-allocator-block-size-background=1048576"
    "memorysetup-job-temp-allocator-reduction-small-platforms=262144"
    "memorysetup-allocator-temp-initial-block-size-main=262144"
    "memorysetup-allocator-temp-initial-block-size-worker=262144"
    "memorysetup-temp-allocator-size-background-worker=32768"
    "memorysetup-temp-allocator-size-job-worker=262144"
    "memorysetup-temp-allocator-size-preload-manager=33554432"
    "memorysetup-temp-allocator-size-nav-mesh-worker=65536"
    "memorysetup-temp-allocator-size-audio-worker=65536"
    "memorysetup-temp-allocator-size-cloud-worker=32768"
    "memorysetup-temp-allocator-size-gi-baking-worker=262144"
    "memorysetup-temp-allocator-size-gfx=262144"
Player connection [2276] Host "[IP] 172.18.34.58 [Port] 0 [Flags] 2 [Guid] 1402913636 [EditorId] 1402913636 [Version] 1048832 [Id] WindowsEditor(7,KR) [Debug] 1 [PackageName] WindowsEditor [ProjectName] Editor" joined multi-casting on [225.0.0.222:54997]...

Player connection [2276] Host "[IP] 172.18.34.58 [Port] 0 [Flags] 2 [Guid] 1402913636 [EditorId] 1402913636 [Version] 1048832 [Id] WindowsEditor(7,KR) [Debug] 1 [PackageName] WindowsEditor [ProjectName] Editor" joined alternative multi-casting on [225.0.0.222:34997]...

[Physics::Module] Initialized MultithreadedJobDispatcher with 11 workers.
Refreshing native plugins compatible for Editor in 19.51 ms, found 3 plugins.
Preloading 0 native plugins for Editor in 0.00 ms.
Initialize engine version: 2022.3.17f1 (4fc78088f837)
[Subsystems] Discovering subsystems at path C:/Program Files/Unity/Hub/Editor/2022.3.17f1/Editor/Data/Resources/UnitySubsystems
[Subsystems] Discovering subsystems at path C:/Users/rawat/Documents/GitHub/FIRST-PERSON-BASIC-GAME/FPS/Assets
GfxDevice: creating device client; threaded=0; jobified=0
Direct3D:
    Version:  Direct3D 11.0 [level 11.1]
    Renderer: AMD Radeon(TM) RX 6500M (ID=0x743f)
    Vendor:   ATI
    VRAM:     4050 MB
    Driver:   31.0.12002.7004
Initialize mono
Mono path[0] = 'C:/Program Files/Unity/Hub/Editor/2022.3.17f1/Editor/Data/Managed'
Mono path[1] = 'C:/Program Files/Unity/Hub/Editor/2022.3.17f1/Editor/Data/MonoBleedingEdge/lib/mono/unityjit-win32'
Mono config path = 'C:/Program Files/Unity/Hub/Editor/2022.3.17f1/Editor/Data/MonoBleedingEdge/etc'
Using monoOptions --debugger-agent=transport=dt_socket,embedding=1,server=y,suspend=n,address=127.0.0.1:56448
Begin MonoManager ReloadAssembly
Registering precompiled unity dll's ...
Register platform support module: C:/Program Files/Unity/Hub/Editor/2022.3.17f1/Editor/Data/PlaybackEngines/WebGLSupport/UnityEditor.WebGL.Extensions.dll
Register platform support module: C:/Program Files/Unity/Hub/Editor/2022.3.17f1/Editor/Data/PlaybackEngines/WindowsStandaloneSupport/UnityEditor.WindowsStandalone.Extensions.dll
Registered in 0.026314 seconds.
- Loaded All Assemblies, in  1.141 seconds
Native extension for WindowsStandalone target not found
Native extension for WebGL target not found
Mono: successfully reloaded assembly
- Finished resetting the current domain, in  0.775 seconds
Domain Reload Profiling: 1910ms
	BeginReloadAssembly (416ms)
		ExecutionOrderSort (0ms)
		DisableScriptedObjects (0ms)
		BackupInstance (0ms)
		ReleaseScriptingObjects (0ms)
		CreateAndSetChildDomain (2ms)
	RebuildCommonClasses (98ms)
	RebuildNativeTypeToScriptingClass (32ms)
	initialDomainReloadingComplete (166ms)
	LoadAllAssembliesAndSetupDomain (423ms)
		LoadAssemblies (414ms)
		RebuildTransferFunctionScriptingTraits (0ms)
		AnalyzeDomain (416ms)
			TypeCache.Refresh (413ms)
				TypeCache.ScanAssembly (374ms)
			ScanForSourceGeneratedMonoScriptInfo (1ms)
			ResolveRequiredComponents (1ms)
	FinalizeReload (776ms)
		ReleaseScriptCaches (0ms)
		RebuildScriptCaches (0ms)
		SetupLoadedEditorAssemblies (634ms)
			LogAssemblyErrors (0ms)
			InitializePlatformSupportModulesInManaged (31ms)
			SetLoadedEditorAssemblies (16ms)
			RefreshPlugins (0ms)
			BeforeProcessingInitializeOnLoad (9ms)
			ProcessInitializeOnLoadAttributes (433ms)
			ProcessInitializeOnLoadMethodAttributes (146ms)
			AfterProcessingInitializeOnLoad (0ms)
			EditorAssembliesLoaded (0ms)
		ExecutionOrderSort2 (0ms)
		AwakeInstancesAfterBackupRestoration (0ms)
========================================================================
Worker process is ready to serve import requests
Begin MonoManager ReloadAssembly
- Loaded All Assemblies, in  2.049 seconds
Refreshing native plugins compatible for Editor in 8.45 ms, found 3 plugins.
Native extension for WindowsStandalone target not found
Native extension for WebGL target not found
Package Manager log level set to [2]
[Package Manager] Server::EnsureServerProcessIsRunning -- launch failed, reason: Unity was launched with the -noUpm command-line argument
[Package Manager] UpmClient::Send -- Unable to send message (not connected to UPM process).
[Package Manager] Cannot connect to Unity Package Manager local server
Mono: successfully reloaded assembly
- Finished resetting the current domain, in  1.576 seconds
Domain Reload Profiling: 3614ms
	BeginReloadAssembly (425ms)
		ExecutionOrderSort (0ms)
		DisableScriptedObjects (21ms)
		BackupInstance (0ms)
		ReleaseScriptingObjects (0ms)
		CreateAndSetChildDomain (46ms)
	RebuildCommonClasses (69ms)
	RebuildNativeTypeToScriptingClass (28ms)
	initialDomainReloadingComplete (120ms)
	LoadAllAssembliesAndSetupDomain (1395ms)
		LoadAssemblies (989ms)
		RebuildTransferFunctionScriptingTraits (0ms)
		AnalyzeDomain (646ms)
			TypeCache.Refresh (600ms)
				TypeCache.ScanAssembly (567ms)
			ScanForSourceGeneratedMonoScriptInfo (33ms)
			ResolveRequiredComponents (11ms)
	FinalizeReload (1577ms)
		ReleaseScriptCaches (0ms)
		RebuildScriptCaches (0ms)
		SetupLoadedEditorAssemblies (1176ms)
			LogAssemblyErrors (0ms)
			InitializePlatformSupportModulesInManaged (24ms)
			SetLoadedEditorAssemblies (15ms)
			RefreshPlugins (0ms)
			BeforeProcessingInitializeOnLoad (226ms)
			ProcessInitializeOnLoadAttributes (846ms)
			ProcessInitializeOnLoadMethodAttributes (47ms)
			AfterProcessingInitializeOnLoad (16ms)
			EditorAssembliesLoaded (0ms)
		ExecutionOrderSort2 (0ms)
		AwakeInstancesAfterBackupRestoration (17ms)
Launched and connected shader compiler UnityShaderCompiler.exe after 0.13 seconds
Refreshing native plugins compatible for Editor in 8.73 ms, found 3 plugins.
Preloading 0 native plugins for Editor in 0.00 ms.
Unloading 3090 Unused Serialized files (Serialized files now loaded: 0)
Unloading 32 unused Assets / (57.1 KB). Loaded Objects now: 3568.
Memory consumption went from 136.5 MB to 136.4 MB.
Total: 6.151200 ms (FindLiveObjects: 0.579300 ms CreateObjectMapping: 0.231800 ms MarkObjects: 5.091700 ms  DeleteObjects: 0.246600 ms)

AssetImportParameters requested are different than current active one (requested -> active):
  custom:container-demuxer-ogg: 62fdf1f143b41e24485cea50d1cbac27 -> 
  custom:video-decoder-ogg-theora: a1e56fd34408186e4bbccfd4996cb3dc -> 
  custom:framework-win-MediaFoundation: 216162199b28c13a410421893ffa2e32 -> 
  custom:CustomObjectIndexerAttribute: 6d391050e5a25f67b0a2c618074f2cd9 -> 
  custom:container-demuxer-webm: 4f35f7cbe854078d1ac9338744f61a02 -> 
  custom:container-muxer-webm: aa71ff27fc2769a1b78a27578f13a17b -> 
  custom:video-decoder-webm-vp8: 9c59270c3fd7afecdb556c50c9e8de78 -> 
  custom:SearchIndexIgnoredProperties: e643bd26f0fe6173181afceb89e7c659 -> 
  custom:AudioImporter_EditorPlatform: d09bf68614088b80899f8185d706f6e7 -> 
  custom:video-encoder-webm-vp8: eb34c28f22e8b96e1ab97ce403110664 -> 
  custom:audio-decoder-ogg-vorbis: bf7c407c2cedff20999df2af8eb42d56 -> 
  custom:audio-encoder-webm-vorbis: bf7c407c2cedff20999df2af8eb42d56 -> 
========================================================================
Received Import Request.
  Time since last request: 1143.193010 seconds.
  path: Assets/PolygonNature/Textures/Leaves/Birch_Trunk_Texture.png
  artifactKey: Guid(44fe53d0e7db1d74b995e75b902e7295) Importer(815301076,1909f56bfc062723c751e8b465ee728b)
Start importing Assets/PolygonNature/Textures/Leaves/Birch_Trunk_Texture.png using Guid(44fe53d0e7db1d74b995e75b902e7295) Importer(815301076,1909f56bfc062723c751e8b465ee728b)  -> (artifact id: 'd8ca76dd9a043283ce34ba1a85e2bb6c') in 0.175591 seconds
Number of updated asset objects reloaded before import = 0
Number of asset objects unloaded after import = 2
========================================================================
Received Import Request.
  Time since last request: 3.431108 seconds.
  path: Assets/PolygonNature/Textures/Leaves/Fern_MaskTexture.png
  artifactKey: Guid(99770bbe589735e449e41e4c1453c39f) Importer(815301076,1909f56bfc062723c751e8b465ee728b)
Start importing Assets/PolygonNature/Textures/Leaves/Fern_MaskTexture.png using Guid(99770bbe589735e449e41e4c1453c39f) Importer(815301076,1909f56bfc062723c751e8b465ee728b)  -> (artifact id: 'ff475f7772009716414162c31031708d') in 0.020013 seconds
Number of updated asset objects reloaded before import = 0
Number of asset objects unloaded after import = 2
========================================================================
Received Import Request.
  Time since last request: 0.011080 seconds.
  path: Assets/PolygonNature/Textures/Leaves/FlowerBush_Texture.png
  artifactKey: Guid(1bdaf65e23416284c887ab8e4b932c07) Importer(815301076,1909f56bfc062723c751e8b465ee728b)
Start importing Assets/PolygonNature/Textures/Leaves/FlowerBush_Texture.png using Guid(1bdaf65e23416284c887ab8e4b932c07) Importer(815301076,1909f56bfc062723c751e8b465ee728b)  -> (artifact id: 'eaaccd22571a0676c91b0e8edf537d55') in 0.044673 seconds
Number of updated asset objects reloaded before import = 0
Number of asset objects unloaded after import = 2
========================================================================
Received Import Request.
  Time since last request: 0.292654 seconds.
  path: Assets/PolygonNature/FX/FX_Materials/StreamLine.png
  artifactKey: Guid(0ef3196c45f488046a4f01d9e9b469ac) Importer(815301076,1909f56bfc062723c751e8b465ee728b)
Start importing Assets/PolygonNature/FX/FX_Materials/StreamLine.png using Guid(0ef3196c45f488046a4f01d9e9b469ac) Importer(815301076,1909f56bfc062723c751e8b465ee728b)  -> (artifact id: '7877e8a53ab6376c647f6ef2adbe125b') in 0.032478 seconds
Number of updated asset objects reloaded before import = 0
Number of asset objects unloaded after import = 2
========================================================================
Received Import Request.
  Time since last request: 0.000031 seconds.
  path: Assets/PolygonNature/Textures/Masks/Tree_Dead_Branch_MaskTexture.png
  artifactKey: Guid(cb254337365c2c3458d2dd024f15158a) Importer(815301076,1909f56bfc062723c751e8b465ee728b)
Start importing Assets/PolygonNature/Textures/Masks/Tree_Dead_Branch_MaskTexture.png using Guid(cb254337365c2c3458d2dd024f15158a) Importer(815301076,1909f56bfc062723c751e8b465ee728b)  -> (artifact id: '2ec4e5120004f4d98facc4c41caa7f1a') in 0.036895 seconds
Number of updated asset objects reloaded before import = 0
Number of asset objects unloaded after import = 2
========================================================================
Received Import Request.
  Time since last request: 27.035886 seconds.
  path: Assets/PolygonNature/FX/FX_Materials/FX_Ring_Semi.png
  artifactKey: Guid(25dd648a086b2d749a847ca24d23f80e) Importer(815301076,1909f56bfc062723c751e8b465ee728b)
Start importing Assets/PolygonNature/FX/FX_Materials/FX_Ring_Semi.png using Guid(25dd648a086b2d749a847ca24d23f80e) Importer(815301076,1909f56bfc062723c751e8b465ee728b)  -> (artifact id: 'd08489dcd3ee577abd1e074de26ea2ad') in 0.038623 seconds
Number of updated asset objects reloaded before import = 0
Number of asset objects unloaded after import = 2
========================================================================
Received Import Request.
  Time since last request: 0.008590 seconds.
  path: Assets/PolygonNature/Textures/Grass_Textures/Base/Grass_01.png
  artifactKey: Guid(84d19b2fc76d5544abb9adbf66ea1f6b) Importer(815301076,1909f56bfc062723c751e8b465ee728b)
Start importing Assets/PolygonNature/Textures/Grass_Textures/Base/Grass_01.png using Guid(84d19b2fc76d5544abb9adbf66ea1f6b) Importer(815301076,1909f56bfc062723c751e8b465ee728b)  -> (artifact id: '083a08ff5889c88f7600ce37470d2089') in 0.046899 seconds
Number of updated asset objects reloaded before import = 0
Number of asset objects unloaded after import = 2
========================================================================
Received Import Request.
  Time since last request: 5.436195 seconds.
  path: Assets/PolygonNature/Textures/Grass_Textures/Flat/Grass_02.png
  artifactKey: Guid(9a2c901954dafb94ca326bae894a050e) Importer(815301076,1909f56bfc062723c751e8b465ee728b)
Start importing Assets/PolygonNature/Textures/Grass_Textures/Flat/Grass_02.png using Guid(9a2c901954dafb94ca326bae894a050e) Importer(815301076,1909f56bfc062723c751e8b465ee728b)  -> (artifact id: '28cf9d4cb7d56135b8827a7e6239873c') in 0.050754 seconds
Number of updated asset objects reloaded before import = 0
Number of asset objects unloaded after import = 2
========================================================================
Received Import Request.
  Time since last request: 0.075359 seconds.
  path: Assets/PolygonNature/Textures/Grass_Textures/Base/Grass_02.png
  artifactKey: Guid(7ed7f0e4becdc234b88c5316e935a6c0) Importer(815301076,1909f56bfc062723c751e8b465ee728b)
Start importing Assets/PolygonNature/Textures/Grass_Textures/Base/Grass_02.png using Guid(7ed7f0e4becdc234b88c5316e935a6c0) Importer(815301076,1909f56bfc062723c751e8b465ee728b)  -> (artifact id: '07ead5dfb5b56ce8fe7e329d125742dc') in 0.053588 seconds
Number of updated asset objects reloaded before import = 0
Number of asset objects unloaded after import = 2
========================================================================
Received Import Request.
  Time since last request: 0.608133 seconds.
  path: Assets/PolygonNature/Textures/Grass_Textures/Flat/Grass_03.png
  artifactKey: Guid(c2cdc62e67176a74db35dff3395e83d0) Importer(815301076,1909f56bfc062723c751e8b465ee728b)
Start importing Assets/PolygonNature/Textures/Grass_Textures/Flat/Grass_03.png using Guid(c2cdc62e67176a74db35dff3395e83d0) Importer(815301076,1909f56bfc062723c751e8b465ee728b)  -> (artifact id: '6e6bebc959137f5df63d55cfb97ed815') in 0.046445 seconds
Number of updated asset objects reloaded before import = 0
Number of asset objects unloaded after import = 2
========================================================================
Received Import Request.
  Time since last request: 0.150843 seconds.
  path: Assets/PolygonNature/Textures/Grass_Textures/Base/Grass_04.png
  artifactKey: Guid(2b159cd802041cf42a0b513cdd60a2ae) Importer(815301076,1909f56bfc062723c751e8b465ee728b)
Start importing Assets/PolygonNature/Textures/Grass_Textures/Base/Grass_04.png using Guid(2b159cd802041cf42a0b513cdd60a2ae) Importer(815301076,1909f56bfc062723c751e8b465ee728b)  -> (artifact id: '8fa7d0784a07ae266e04d244e1fff82a') in 0.043675 seconds
Number of updated asset objects reloaded before import = 0
Number of asset objects unloaded after import = 2
========================================================================
Received Import Request.
  Time since last request: 1.107518 seconds.
  path: Assets/PolygonNature/FX/FX_Materials/GrassParticle.png
  artifactKey: Guid(5bd785228a7020c4695d1d76924864a8) Importer(815301076,1909f56bfc062723c751e8b465ee728b)
Start importing Assets/PolygonNature/FX/FX_Materials/GrassParticle.png using Guid(5bd785228a7020c4695d1d76924864a8) Importer(815301076,1909f56bfc062723c751e8b465ee728b)  -> (artifact id: 'd6ac0dc2cc2e45743408cf07b80f911b') in 0.049087 seconds
Number of updated asset objects reloaded before import = 0
Number of asset objects unloaded after import = 2
========================================================================
Received Import Request.
  Time since last request: 0.076384 seconds.
  path: Assets/PolygonNature/Textures/Grass_Textures/Flat/GrassTest1.png
  artifactKey: Guid(80b4950e86fdfb74dbd689b0121e4bf8) Importer(815301076,1909f56bfc062723c751e8b465ee728b)
Start importing Assets/PolygonNature/Textures/Grass_Textures/Flat/GrassTest1.png using Guid(80b4950e86fdfb74dbd689b0121e4bf8) Importer(815301076,1909f56bfc062723c751e8b465ee728b)  -> (artifact id: 'be96819b5e2d1284c885f423abdaed43') in 0.039353 seconds
Number of updated asset objects reloaded before import = 0
Number of asset objects unloaded after import = 2
========================================================================
Received Import Request.
  Time since last request: 0.917031 seconds.
  path: Assets/PolygonNature/Textures/Masks/Leaves_Generic_MaskTexture.png
  artifactKey: Guid(dc5861f29303f874da85340f9837e9a8) Importer(815301076,1909f56bfc062723c751e8b465ee728b)
Start importing Assets/PolygonNature/Textures/Masks/Leaves_Generic_MaskTexture.png using Guid(dc5861f29303f874da85340f9837e9a8) Importer(815301076,1909f56bfc062723c751e8b465ee728b)  -> (artifact id: 'c8a2587e151f9ff0ecaea45205a82799') in 0.041932 seconds
Number of updated asset objects reloaded before import = 0
Number of asset objects unloaded after import = 2
========================================================================
Received Import Request.
  Time since last request: 0.137703 seconds.
  path: Assets/PolygonNature/Textures/Leaves/Leaves_Generic_Texture.png
  artifactKey: Guid(f6719627c8a45d1459ff89b93a967b05) Importer(815301076,1909f56bfc062723c751e8b465ee728b)
Start importing Assets/PolygonNature/Textures/Leaves/Leaves_Generic_Texture.png using Guid(f6719627c8a45d1459ff89b93a967b05) Importer(815301076,1909f56bfc062723c751e8b465ee728b)  -> (artifact id: '665bcb9f1013d0b2e7e7536b0754c041') in 0.037594 seconds
Number of updated asset objects reloaded before import = 0
Number of asset objects unloaded after import = 2
========================================================================
Received Import Request.
  Time since last request: 0.821662 seconds.
  path: Assets/PolygonNature/Textures/Leaves/Leaves_Pine_MaskTexture.png
  artifactKey: Guid(6d596b82bd264574f87984c620459feb) Importer(815301076,1909f56bfc062723c751e8b465ee728b)
Start importing Assets/PolygonNature/Textures/Leaves/Leaves_Pine_MaskTexture.png using Guid(6d596b82bd264574f87984c620459feb) Importer(815301076,1909f56bfc062723c751e8b465ee728b)  -> (artifact id: '54822a4f8f3fd9813abdc0f8e4d1427d') in 0.050659 seconds
Number of updated asset objects reloaded before import = 0
Number of asset objects unloaded after import = 2
========================================================================
Received Import Request.
  Time since last request: 0.079181 seconds.
  path: Assets/PolygonNature/Textures/Leaves/Leaves_Pine_Snow_Texture.png
  artifactKey: Guid(0b3a0e12190cfa94883e2e453790150a) Importer(815301076,1909f56bfc062723c751e8b465ee728b)
Start importing Assets/PolygonNature/Textures/Leaves/Leaves_Pine_Snow_Texture.png using Guid(0b3a0e12190cfa94883e2e453790150a) Importer(815301076,1909f56bfc062723c751e8b465ee728b)  -> (artifact id: 'b2008015f2ca020377473cd5c67acb28') in 0.041687 seconds
Number of updated asset objects reloaded before import = 0
Number of asset objects unloaded after import = 2
========================================================================
Received Import Request.
  Time since last request: 0.005188 seconds.
  path: Assets/PolygonNature/Textures/Leaves/Leaves_Willow_EmissiveTexture.png
  artifactKey: Guid(e88ff96768daf224da52818f026ab171) Importer(815301076,1909f56bfc062723c751e8b465ee728b)
Start importing Assets/PolygonNature/Textures/Leaves/Leaves_Willow_EmissiveTexture.png using Guid(e88ff96768daf224da52818f026ab171) Importer(815301076,1909f56bfc062723c751e8b465ee728b)  -> (artifact id: '6a440fa0cf6ce229dd51a4e8ef817bed') in 0.039528 seconds
Number of updated asset objects reloaded before import = 0
Number of asset objects unloaded after import = 2
========================================================================
Received Import Request.
  Time since last request: 0.552279 seconds.
  path: Assets/PolygonNature/Textures/Leaves/Leaves_Willow_MaskTexture.png
  artifactKey: Guid(cb85d02347a64c14195e1ea916e67460) Importer(815301076,1909f56bfc062723c751e8b465ee728b)
Start importing Assets/PolygonNature/Textures/Leaves/Leaves_Willow_MaskTexture.png using Guid(cb85d02347a64c14195e1ea916e67460) Importer(815301076,1909f56bfc062723c751e8b465ee728b)  -> (artifact id: 'a34dd50ad6338d14ce0e5e830b2c6aad') in 0.027512 seconds
Number of updated asset objects reloaded before import = 0
Number of asset objects unloaded after import = 2
========================================================================
Received Import Request.
  Time since last request: 0.155638 seconds.
  path: Assets/PolygonNature/FX/FX_Materials/LeaveTexture.png
  artifactKey: Guid(da01a20cc90345948b6eaae7ec14bf1a) Importer(815301076,1909f56bfc062723c751e8b465ee728b)
Start importing Assets/PolygonNature/FX/FX_Materials/LeaveTexture.png using Guid(da01a20cc90345948b6eaae7ec14bf1a) Importer(815301076,1909f56bfc062723c751e8b465ee728b)  -> (artifact id: '47f3f073c901a975b93d6e641a9014f2') in 0.034218 seconds
Number of updated asset objects reloaded before import = 0
Number of asset objects unloaded after import = 2
========================================================================
Received Import Request.
  Time since last request: 1.261289 seconds.
  path: Assets/PolygonNature/Textures/Misc/Noise_Big.tga
  artifactKey: Guid(4aaf5eafc291ee24ba7cefe12e6677a8) Importer(815301076,1909f56bfc062723c751e8b465ee728b)
Start importing Assets/PolygonNature/Textures/Misc/Noise_Big.tga using Guid(4aaf5eafc291ee24ba7cefe12e6677a8) Importer(815301076,1909f56bfc062723c751e8b465ee728b)  -> (artifact id: '3712932fc6d0b3239441635b627b480c') in 0.062609 seconds
Number of updated asset objects reloaded before import = 0
Number of asset objects unloaded after import = 2
========================================================================
Received Import Request.
  Time since last request: 0.734893 seconds.
  path: Assets/PolygonNature/Textures/Grass_Textures/Reeds.png
  artifactKey: Guid(a154412b3c2edfc40a70b51e8f2aaabe) Importer(815301076,1909f56bfc062723c751e8b465ee728b)
Start importing Assets/PolygonNature/Textures/Grass_Textures/Reeds.png using Guid(a154412b3c2edfc40a70b51e8f2aaabe) Importer(815301076,1909f56bfc062723c751e8b465ee728b)  -> (artifact id: 'f9de98631f84396a5b8c23a6b9efa7dc') in 0.049905 seconds
Number of updated asset objects reloaded before import = 0
Number of asset objects unloaded after import = 2
========================================================================
Received Import Request.
  Time since last request: 1.076740 seconds.
  path: Assets/PolygonNature/Textures/Misc/Skybox_Diff.png
  artifactKey: Guid(1202e6a7c7a1de2499a2c339a4382c9e) Importer(815301076,1909f56bfc062723c751e8b465ee728b)
Start importing Assets/PolygonNature/Textures/Misc/Skybox_Diff.png using Guid(1202e6a7c7a1de2499a2c339a4382c9e) Importer(815301076,1909f56bfc062723c751e8b465ee728b)  -> (artifact id: '03656c955b224dbd5d71ae1baec4e424') in 0.055209 seconds
Number of updated asset objects reloaded before import = 0
Number of asset objects unloaded after import = 2
========================================================================
Received Import Request.
  Time since last request: 0.076572 seconds.
  path: Assets/PolygonNature/Textures/Misc/Skybox_No_Snow_Diff.png
  artifactKey: Guid(cefcb4452f7b6c84fa4d890c7dc8b5e9) Importer(815301076,1909f56bfc062723c751e8b465ee728b)
Start importing Assets/PolygonNature/Textures/Misc/Skybox_No_Snow_Diff.png using Guid(cefcb4452f7b6c84fa4d890c7dc8b5e9) Importer(815301076,1909f56bfc062723c751e8b465ee728b)  -> (artifact id: '5220be555c3fe9b62aa3f77409d25b68') in 0.053121 seconds
Number of updated asset objects reloaded before import = 0
Number of asset objects unloaded after import = 2
========================================================================
Received Import Request.
  Time since last request: 0.375523 seconds.
  path: Assets/PolygonNature/Textures/Misc/Snow_Diff.png
  artifactKey: Guid(8c299bb30eb88114d9e14cb44a465f1c) Importer(815301076,1909f56bfc062723c751e8b465ee728b)
Start importing Assets/PolygonNature/Textures/Misc/Snow_Diff.png using Guid(8c299bb30eb88114d9e14cb44a465f1c) Importer(815301076,1909f56bfc062723c751e8b465ee728b)  -> (artifact id: '60dd58a3f69a4d66cc431954c8a7f0ca') in 0.033515 seconds
Number of updated asset objects reloaded before import = 0
Number of asset objects unloaded after import = 2
========================================================================
Received Import Request.
  Time since last request: 57.750965 seconds.
  path: Assets/PolygonNature/Textures/Leaves/Undergrowth_Texture.png
  artifactKey: Guid(ca4b5335040f6fa4993b8dbf0d52c6be) Importer(815301076,1909f56bfc062723c751e8b465ee728b)
Start importing Assets/PolygonNature/Textures/Leaves/Undergrowth_Texture.png using Guid(ca4b5335040f6fa4993b8dbf0d52c6be) Importer(815301076,1909f56bfc062723c751e8b465ee728b)  -> (artifact id: '82c1a1f0c2e8409e8c136959527aa962') in 0.048411 seconds
Number of updated asset objects reloaded before import = 0
Number of asset objects unloaded after import = 2
========================================================================
Received Import Request.
  Time since last request: 11.804448 seconds.
  path: Assets/PolygonNature/Textures/Misc/White.png
  artifactKey: Guid(953aee88aa8b49347a6abd3be0f0eb54) Importer(815301076,1909f56bfc062723c751e8b465ee728b)
Start importing Assets/PolygonNature/Textures/Misc/White.png using Guid(953aee88aa8b49347a6abd3be0f0eb54) Importer(815301076,1909f56bfc062723c751e8b465ee728b)  -> (artifact id: 'd2123035703e942a36d9cdd34e954c85') in 0.023146 seconds
Number of updated asset objects reloaded before import = 0
Number of asset objects unloaded after import = 2
========================================================================
Received Import Request.
  Time since last request: 231.315076 seconds.
  path: Assets/PolygonNature/Scenes/Terrains/Terrain_Classic_Tree.asset
  artifactKey: Guid(9514733bdb8907147af1bfa8c4117eff) Importer(815301076,1909f56bfc062723c751e8b465ee728b)
Start importing Assets/PolygonNature/Scenes/Terrains/Terrain_Classic_Tree.asset using Guid(9514733bdb8907147af1bfa8c4117eff) Importer(815301076,1909f56bfc062723c751e8b465ee728b)  -> (artifact id: '3554bb6c62083c7afff5b52af9e7f7fe') in 0.376746 seconds
Number of updated asset objects reloaded before import = 0
Number of asset objects unloaded after import = 13
========================================================================
Received Import Request.
  Time since last request: 1.491937 seconds.
  path: Assets/PolygonNature/FX/FX_Materials/SunBeam_Particles.png
  artifactKey: Guid(481a4bf8633827b4998c05ee4d9ff706) Importer(815301076,1909f56bfc062723c751e8b465ee728b)
Start importing Assets/PolygonNature/FX/FX_Materials/SunBeam_Particles.png using Guid(481a4bf8633827b4998c05ee4d9ff706) Importer(815301076,1909f56bfc062723c751e8b465ee728b)  -> (artifact id: '807511164c0cce88dd89c383c07b9d61') in 0.032132 seconds
Number of updated asset objects reloaded before import = 0
Number of asset objects unloaded after import = 2
========================================================================
Received Import Request.
  Time since last request: 569.990442 seconds.
  path: Assets/PolygonNature/Textures/Masks
  artifactKey: Guid(fc543fd94db58cd4a8548dc51adc7e34) Importer(815301076,1909f56bfc062723c751e8b465ee728b)
Start importing Assets/PolygonNature/Textures/Masks using Guid(fc543fd94db58cd4a8548dc51adc7e34) Importer(815301076,1909f56bfc062723c751e8b465ee728b)  -> (artifact id: '2fd1fb49334fa687d49cebd921520ae7') in 0.001189 seconds
Number of updated asset objects reloaded before import = 0
Number of asset objects unloaded after import = 0
========================================================================
Received Import Request.
  Time since last request: 5.296727 seconds.
  path: Assets/PolygonNature/Scenes
  artifactKey: Guid(bd8d7e948600b8949b212dae761c7390) Importer(815301076,1909f56bfc062723c751e8b465ee728b)
Start importing Assets/PolygonNature/Scenes using Guid(bd8d7e948600b8949b212dae761c7390) Importer(815301076,1909f56bfc062723c751e8b465ee728b)  -> (artifact id: '8e9ad34892847898f2643a7164b1027a') in 0.010687 seconds
Number of updated asset objects reloaded before import = 0
Number of asset objects unloaded after import = 0
========================================================================
Received Import Request.
  Time since last request: 7.278984 seconds.
  path: Assets/PolygonNature/Materials/LODS
  artifactKey: Guid(4e99eaa15cbed994286734c81c093414) Importer(815301076,1909f56bfc062723c751e8b465ee728b)
Start importing Assets/PolygonNature/Materials/LODS using Guid(4e99eaa15cbed994286734c81c093414) Importer(815301076,1909f56bfc062723c751e8b465ee728b)  -> (artifact id: '08d27d76a54ee570ad3d1b9b6fd5bba7') in 0.010346 seconds
Number of updated asset objects reloaded before import = 0
Number of asset objects unloaded after import = 0
========================================================================
Received Import Request.
  Time since last request: 0.126123 seconds.
  path: Assets/PolygonNature/Materials/LODS/PolygonNature_Leaves_Base_LOD_01.mat
  artifactKey: Guid(d782eb9dd0e7bf149bcc879a4da28434) Importer(815301076,1909f56bfc062723c751e8b465ee728b)
Start importing Assets/PolygonNature/Materials/LODS/PolygonNature_Leaves_Base_LOD_01.mat using Guid(d782eb9dd0e7bf149bcc879a4da28434) Importer(815301076,1909f56bfc062723c751e8b465ee728b)  -> (artifact id: '5f60a4a128fffd8b7fcc1cc5a0783607') in 0.766776 seconds
Number of updated asset objects reloaded before import = 0
Number of asset objects unloaded after import = 4
========================================================================
Received Import Request.
  Time since last request: 0.000044 seconds.
  path: Assets/PolygonNature/Materials/LODS/PolygonNature_Leaves_FlowerBush_LOD_01.mat
  artifactKey: Guid(91f2824d3df1dfa48b0d20f0c8818c6c) Importer(815301076,1909f56bfc062723c751e8b465ee728b)
Start importing Assets/PolygonNature/Materials/LODS/PolygonNature_Leaves_FlowerBush_LOD_01.mat using Guid(91f2824d3df1dfa48b0d20f0c8818c6c) Importer(815301076,1909f56bfc062723c751e8b465ee728b)  -> (artifact id: '605a4c3ea54262aa96e8d29e4464da26') in 0.024091 seconds
Number of updated asset objects reloaded before import = 0
Number of asset objects unloaded after import = 2
========================================================================
Received Import Request.
  Time since last request: 0.000043 seconds.
  path: Assets/PolygonNature/Materials/LODS/PolygonNature_Leaves_Pine_LOD_01.mat
  artifactKey: Guid(32a7d9275f65e894c84e0dcdcf05e4e0) Importer(815301076,1909f56bfc062723c751e8b465ee728b)
Start importing Assets/PolygonNature/Materials/LODS/PolygonNature_Leaves_Pine_LOD_01.mat using Guid(32a7d9275f65e894c84e0dcdcf05e4e0) Importer(815301076,1909f56bfc062723c751e8b465ee728b)  -> (artifact id: 'a242284e32752f3bd898599e6a290182') in 0.025815 seconds
Number of updated asset objects reloaded before import = 0
Number of asset objects unloaded after import = 3
========================================================================
Received Import Request.
  Time since last request: 0.000026 seconds.
  path: Assets/PolygonNature/Materials/LODS/PolygonNature_Tree_Dead_Trunk_LOD_01.mat
  artifactKey: Guid(126b33b9d4057424082c1451d564f3d7) Importer(815301076,1909f56bfc062723c751e8b465ee728b)
Start importing Assets/PolygonNature/Materials/LODS/PolygonNature_Tree_Dead_Trunk_LOD_01.mat using Guid(126b33b9d4057424082c1451d564f3d7) Importer(815301076,1909f56bfc062723c751e8b465ee728b)  -> (artifact id: '866223e3ad2777bd6e756ef7668b3565') in 0.498894 seconds
Number of updated asset objects reloaded before import = 0
Number of asset objects unloaded after import = 2
========================================================================
Received Import Request.
  Time since last request: 1.699504 seconds.
  path: Assets/PolygonNature/Materials/Water/PolygonNature_Water.mat
  artifactKey: Guid(4ccd9521bc19372458f9dda2e76fbce6) Importer(815301076,1909f56bfc062723c751e8b465ee728b)
Start importing Assets/PolygonNature/Materials/Water/PolygonNature_Water.mat using Guid(4ccd9521bc19372458f9dda2e76fbce6) Importer(815301076,1909f56bfc062723c751e8b465ee728b)  -> (artifact id: 'b82792149e91b422e893bd6b4bdbcc97') in 0.117708 seconds
Number of updated asset objects reloaded before import = 0
Number of asset objects unloaded after import = 4
========================================================================
Received Import Request.
  Time since last request: 67.656300 seconds.
  path: Assets/PolygonNature/Prefabs/Trees
  artifactKey: Guid(f30e9b1d9c7713a4db07553050258c66) Importer(815301076,1909f56bfc062723c751e8b465ee728b)
Start importing Assets/PolygonNature/Prefabs/Trees using Guid(f30e9b1d9c7713a4db07553050258c66) Importer(815301076,1909f56bfc062723c751e8b465ee728b)  -> (artifact id: '8f43b0885c09eff55490b70aab8243ba') in 0.010385 seconds
Number of updated asset objects reloaded before import = 0
Number of asset objects unloaded after import = 0
========================================================================
Received Import Request.
  Time since last request: 1.267802 seconds.
  path: Assets/PolygonNature/Prefabs/Trees/SM_Tree_01.prefab
  artifactKey: Guid(a19f2e49529f1ef4d903f3b663ce7893) Importer(815301076,1909f56bfc062723c751e8b465ee728b)
Start importing Assets/PolygonNature/Prefabs/Trees/SM_Tree_01.prefab using Guid(a19f2e49529f1ef4d903f3b663ce7893) Importer(815301076,1909f56bfc062723c751e8b465ee728b)  -> (artifact id: 'b3feff498236b3f5cf4cbf654e03120d') in 0.243382 seconds
Number of updated asset objects reloaded before import = 0
Number of asset objects unloaded after import = 12
========================================================================
Received Import Request.
  Time since last request: 0.000037 seconds.
  path: Assets/PolygonNature/Prefabs/Trees/SM_Tree_Generic_Giant_01.prefab
  artifactKey: Guid(5301afbcc2367b5469f618258a227b39) Importer(815301076,1909f56bfc062723c751e8b465ee728b)
Start importing Assets/PolygonNature/Prefabs/Trees/SM_Tree_Generic_Giant_01.prefab using Guid(5301afbcc2367b5469f618258a227b39) Importer(815301076,1909f56bfc062723c751e8b465ee728b)  -> (artifact id: 'e20f29051cc27d73bde81a4404c08039') in 0.117309 seconds
Number of updated asset objects reloaded before import = 0
Number of asset objects unloaded after import = 27
========================================================================
Received Import Request.
  Time since last request: 0.000041 seconds.
  path: Assets/PolygonNature/Prefabs/Trees/SM_Tree_04.prefab
  artifactKey: Guid(bad3ddcb570876641a79193c07d20684) Importer(815301076,1909f56bfc062723c751e8b465ee728b)
Start importing Assets/PolygonNature/Prefabs/Trees/SM_Tree_04.prefab using Guid(bad3ddcb570876641a79193c07d20684) Importer(815301076,1909f56bfc062723c751e8b465ee728b)  -> (artifact id: '3727c669815aa0e9a2afe630ef33b9f9') in 0.036534 seconds
Number of updated asset objects reloaded before import = 0
Number of asset objects unloaded after import = 12
========================================================================
Received Import Request.
  Time since last request: 0.000027 seconds.
  path: Assets/PolygonNature/Prefabs/Trees/SM_Tree_PolyPine_03.prefab
  artifactKey: Guid(d18846c2d467b2c47b310be6e80b0434) Importer(815301076,1909f56bfc062723c751e8b465ee728b)
Start importing Assets/PolygonNature/Prefabs/Trees/SM_Tree_PolyPine_03.prefab using Guid(d18846c2d467b2c47b310be6e80b0434) Importer(815301076,1909f56bfc062723c751e8b465ee728b)  -> (artifact id: '29318ef0e4bae847ca0e88ca8acfa431') in 0.034359 seconds
Number of updated asset objects reloaded before import = 0
Number of asset objects unloaded after import = 12
========================================================================
Received Import Request.
  Time since last request: 0.000032 seconds.
  path: Assets/PolygonNature/Prefabs/Trees/SM_Tree_PolyPine_Sparse_01.prefab
  artifactKey: Guid(6475aabacc1a9cb41aaca282d6ea7fc2) Importer(815301076,1909f56bfc062723c751e8b465ee728b)
Start importing Assets/PolygonNature/Prefabs/Trees/SM_Tree_PolyPine_Sparse_01.prefab using Guid(6475aabacc1a9cb41aaca282d6ea7fc2) Importer(815301076,1909f56bfc062723c751e8b465ee728b)  -> (artifact id: '10d7067e093031bebf925243ab556bd1') in 0.040719 seconds
Number of updated asset objects reloaded before import = 0
Number of asset objects unloaded after import = 12
========================================================================
Received Import Request.
  Time since last request: 0.000028 seconds.
  path: Assets/PolygonNature/Prefabs/Trees/SM_Tree_Pine_01.prefab
  artifactKey: Guid(fc9f550802bde56499ac8b64cac565f0) Importer(815301076,1909f56bfc062723c751e8b465ee728b)
Start importing Assets/PolygonNature/Prefabs/Trees/SM_Tree_Pine_01.prefab using Guid(fc9f550802bde56499ac8b64cac565f0) Importer(815301076,1909f56bfc062723c751e8b465ee728b)  -> (artifact id: '24718cb8a51e6a0c487e6acc4b7dd889') in 0.073623 seconds
Number of updated asset objects reloaded before import = 0
Number of asset objects unloaded after import = 24
========================================================================
Received Import Request.
  Time since last request: 0.000030 seconds.
  path: Assets/PolygonNature/Prefabs/Trees/SM_Tree_Dead_03.prefab
  artifactKey: Guid(7b324b148b509104cb0f42a02b6b4b78) Importer(815301076,1909f56bfc062723c751e8b465ee728b)
Start importing Assets/PolygonNature/Prefabs/Trees/SM_Tree_Dead_03.prefab using Guid(7b324b148b509104cb0f42a02b6b4b78) Importer(815301076,1909f56bfc062723c751e8b465ee728b)  -> (artifact id: 'a86cde3e75a725ab868b65ff02a825eb') in 0.052011 seconds
Number of updated asset objects reloaded before import = 0
Number of asset objects unloaded after import = 22
========================================================================
Received Import Request.
  Time since last request: 0.000031 seconds.
  path: Assets/PolygonNature/Prefabs/Trees/SM_Tree_Birch_Dead_01.prefab
  artifactKey: Guid(c6437f01ea9e6154f8bee15a6eec78d8) Importer(815301076,1909f56bfc062723c751e8b465ee728b)
Start importing Assets/PolygonNature/Prefabs/Trees/SM_Tree_Birch_Dead_01.prefab using Guid(c6437f01ea9e6154f8bee15a6eec78d8) Importer(815301076,1909f56bfc062723c751e8b465ee728b)  -> (artifact id: '197a405028e1b20d387568a1f27b0c6c') in 0.133554 seconds
Number of updated asset objects reloaded before import = 0
Number of asset objects unloaded after import = 23
========================================================================
Received Import Request.
  Time since last request: 0.000036 seconds.
  path: Assets/PolygonNature/Prefabs/Trees/SM_Tree_Round_01.prefab
  artifactKey: Guid(dafad5d52cd284f4b8229a896f9a966f) Importer(815301076,1909f56bfc062723c751e8b465ee728b)
Start importing Assets/PolygonNature/Prefabs/Trees/SM_Tree_Round_01.prefab using Guid(dafad5d52cd284f4b8229a896f9a966f) Importer(815301076,1909f56bfc062723c751e8b465ee728b)  -> (artifact id: '658c071a8483d262afca76b9e485a907') in 0.038967 seconds
Number of updated asset objects reloaded before import = 0
Number of asset objects unloaded after import = 12
========================================================================
Received Import Request.
  Time since last request: 0.000025 seconds.
  path: Assets/PolygonNature/Prefabs/Trees/SM_Tree_Round_03.prefab
  artifactKey: Guid(e94c8232017a8bd4ba1c0f5115f3481d) Importer(815301076,1909f56bfc062723c751e8b465ee728b)
Start importing Assets/PolygonNature/Prefabs/Trees/SM_Tree_Round_03.prefab using Guid(e94c8232017a8bd4ba1c0f5115f3481d) Importer(815301076,1909f56bfc062723c751e8b465ee728b)  -> (artifact id: 'e188b8f318befa1b5e5f272f23ecdb6d') in 0.036678 seconds
Number of updated asset objects reloaded before import = 0
Number of asset objects unloaded after import = 12
========================================================================
Received Import Request.
  Time since last request: 0.000028 seconds.
  path: Assets/PolygonNature/Prefabs/Trees/SM_Tree_PolyPine_02.prefab
  artifactKey: Guid(581bafddb39268e429cb24408e026c4d) Importer(815301076,1909f56bfc062723c751e8b465ee728b)
Start importing Assets/PolygonNature/Prefabs/Trees/SM_Tree_PolyPine_02.prefab using Guid(581bafddb39268e429cb24408e026c4d) Importer(815301076,1909f56bfc062723c751e8b465ee728b)  -> (artifact id: '9d9491f96904a1caca14e2792484543a') in 0.040846 seconds
Number of updated asset objects reloaded before import = 0
Number of asset objects unloaded after import = 12
========================================================================
Received Import Request.
  Time since last request: 0.000029 seconds.
  path: Assets/PolygonNature/Prefabs/Trees/SM_Tree_Log_01.prefab
  artifactKey: Guid(e4d35fc487ff62e45b34ae45f80c88fc) Importer(815301076,1909f56bfc062723c751e8b465ee728b)
Start importing Assets/PolygonNature/Prefabs/Trees/SM_Tree_Log_01.prefab using Guid(e4d35fc487ff62e45b34ae45f80c88fc) Importer(815301076,1909f56bfc062723c751e8b465ee728b)  -> (artifact id: 'b433d4aecb72359b41c7c8e6c2b04330') in 0.077234 seconds
Number of updated asset objects reloaded before import = 0
Number of asset objects unloaded after import = 12
========================================================================
Received Import Request.
  Time since last request: 0.000037 seconds.
  path: Assets/PolygonNature/Prefabs/Trees/SM_Tree_Pine_Dead_01.prefab
  artifactKey: Guid(11d0d688b29309541acbbbf9497b8b78) Importer(815301076,1909f56bfc062723c751e8b465ee728b)
Start importing Assets/PolygonNature/Prefabs/Trees/SM_Tree_Pine_Dead_01.prefab using Guid(11d0d688b29309541acbbbf9497b8b78) Importer(815301076,1909f56bfc062723c751e8b465ee728b)  -> (artifact id: 'e30ece416382bc32bbfe5fba5482f7b0') in 0.037846 seconds
Number of updated asset objects reloaded before import = 0
Number of asset objects unloaded after import = 12
========================================================================
Received Import Request.
  Time since last request: 0.000043 seconds.
  path: Assets/PolygonNature/Prefabs/Trees/SM_Tree_Round_02.prefab
  artifactKey: Guid(cee0719eaa611da43905af2904d1904c) Importer(815301076,1909f56bfc062723c751e8b465ee728b)
Start importing Assets/PolygonNature/Prefabs/Trees/SM_Tree_Round_02.prefab using Guid(cee0719eaa611da43905af2904d1904c) Importer(815301076,1909f56bfc062723c751e8b465ee728b)  -> (artifact id: '2cd8751043cb4f774e4706c436dc2b0f') in 0.039852 seconds
Number of updated asset objects reloaded before import = 0
Number of asset objects unloaded after import = 12
========================================================================
Received Import Request.
  Time since last request: 0.000025 seconds.
  path: Assets/PolygonNature/Prefabs/Trees/SM_Tree_Pine_Large_02.prefab
  artifactKey: Guid(566814b1eb74baa449f9fef747a83fd1) Importer(815301076,1909f56bfc062723c751e8b465ee728b)
Start importing Assets/PolygonNature/Prefabs/Trees/SM_Tree_Pine_Large_02.prefab using Guid(566814b1eb74baa449f9fef747a83fd1) Importer(815301076,1909f56bfc062723c751e8b465ee728b)  -> (artifact id: '9523f13e5beaf43fa2298f292f7da425') in 0.052314 seconds
Number of updated asset objects reloaded before import = 0
Number of asset objects unloaded after import = 24
========================================================================
Received Import Request.
  Time since last request: 0.000033 seconds.
  path: Assets/PolygonNature/Prefabs/Trees/SM_Tree_PolyPine_Sparse_03.prefab
  artifactKey: Guid(054b67e619cbc1046bed54b07283d49d) Importer(815301076,1909f56bfc062723c751e8b465ee728b)
Start importing Assets/PolygonNature/Prefabs/Trees/SM_Tree_PolyPine_Sparse_03.prefab using Guid(054b67e619cbc1046bed54b07283d49d) Importer(815301076,1909f56bfc062723c751e8b465ee728b)  -> (artifact id: 'e53eccd83d0208b4c3a951777a97caaa') in 0.036126 seconds
Number of updated asset objects reloaded before import = 0
Number of asset objects unloaded after import = 12
========================================================================
Received Import Request.
  Time since last request: 0.000029 seconds.
  path: Assets/PolygonNature/Prefabs/Trees/SM_Tree_Birch_03.prefab
  artifactKey: Guid(47ac04e5b24338c44ba15b946641236c) Importer(815301076,1909f56bfc062723c751e8b465ee728b)
Start importing Assets/PolygonNature/Prefabs/Trees/SM_Tree_Birch_03.prefab using Guid(47ac04e5b24338c44ba15b946641236c) Importer(815301076,1909f56bfc062723c751e8b465ee728b)  -> (artifact id: 'aad203f53b6dccdb323ee3a030c5d366') in 0.052510 seconds
Number of updated asset objects reloaded before import = 0
Number of asset objects unloaded after import = 26
========================================================================
Received Import Request.
  Time since last request: 0.000031 seconds.
  path: Assets/PolygonNature/Prefabs/Trees/SM_Tree_Pine_Large_01.prefab
  artifactKey: Guid(058b5ab120afe6048b4289730cb3e5c9) Importer(815301076,1909f56bfc062723c751e8b465ee728b)
Start importing Assets/PolygonNature/Prefabs/Trees/SM_Tree_Pine_Large_01.prefab using Guid(058b5ab120afe6048b4289730cb3e5c9) Importer(815301076,1909f56bfc062723c751e8b465ee728b)  -> (artifact id: 'f798d0308a685f513191d5d9a203c012') in 0.050945 seconds
Number of updated asset objects reloaded before import = 0
Number of asset objects unloaded after import = 24
========================================================================
Received Import Request.
  Time since last request: 0.000033 seconds.
  path: Assets/PolygonNature/Prefabs/Trees/SM_Tree_Birch_Small_01.prefab
  artifactKey: Guid(e64e0b484ac273644af92dc0e00601a3) Importer(815301076,1909f56bfc062723c751e8b465ee728b)
Start importing Assets/PolygonNature/Prefabs/Trees/SM_Tree_Birch_Small_01.prefab using Guid(e64e0b484ac273644af92dc0e00601a3) Importer(815301076,1909f56bfc062723c751e8b465ee728b)  -> (artifact id: '4ee9a2ee077917cf9ca0b2fe63ddb9bf') in 0.055129 seconds
Number of updated asset objects reloaded before import = 0
Number of asset objects unloaded after import = 26
Editor requested this worker to shutdown with reason: Scaling down because of idle timeout
TcpMessagingSession - receive error: operation aborted. errorcode: 995, details: The I/O operation has been aborted because of either a thread exit or an application request.
AssetImportWorker is now disconnected from the server
Process exiting
Exiting without the bug reporter. Application will terminate with return code 0