Using pre-set license
Built from '2022.3/staging' branch; Version is '2022.3.17f1 (4fc78088f837) revision 5228416'; Using compiler version '192829333'; Build Type 'Release'
OS: 'Windows 11  (10.0.22631) 64bit CoreSingleLanguage' Language: 'en' Physical Memory: 15711 MB
BatchMode: 1, IsHumanControllingUs: 0, StartBugReporterOnCrash: 0, Is64bit: 1, IsPro: 1

COMMAND LINE ARGUMENTS:
C:\Program Files\Unity\Hub\Editor\2022.3.17f1\Editor\Unity.exe
-adb2
-batchMode
-noUpm
-name
AssetImportWorker4
-projectPath
C:/Users/rawat/Documents/GitHub/FIRST-PERSON-BASIC-GAME/FPS
-logFile
Logs/AssetImportWorker4.log
-srvPort
55732
Successfully changed project path to: C:/Users/rawat/Documents/GitHub/FIRST-PERSON-BASIC-GAME/FPS
C:/Users/rawat/Documents/GitHub/FIRST-PERSON-BASIC-GAME/FPS
[UnityMemory] Configuration Parameters - Can be set up in boot.config
    "memorysetup-bucket-allocator-granularity=16"
    "memorysetup-bucket-allocator-bucket-count=8"
    "memorysetup-bucket-allocator-block-size=33554432"
    "memorysetup-bucket-allocator-block-count=8"
    "memorysetup-main-allocator-block-size=16777216"
    "memorysetup-thread-allocator-block-size=16777216"
    "memorysetup-gfx-main-allocator-block-size=16777216"
    "memorysetup-gfx-thread-allocator-block-size=16777216"
    "memorysetup-cache-allocator-block-size=4194304"
    "memorysetup-typetree-allocator-block-size=2097152"
    "memorysetup-profiler-bucket-allocator-granularity=16"
    "memorysetup-profiler-bucket-allocator-bucket-count=8"
    "memorysetup-profiler-bucket-allocator-block-size=33554432"
    "memorysetup-profiler-bucket-allocator-block-count=8"
    "memorysetup-profiler-allocator-block-size=16777216"
    "memorysetup-profiler-editor-allocator-block-size=1048576"
    "memorysetup-temp-allocator-size-main=16777216"
    "memorysetup-job-temp-allocator-block-size=2097152"
    "memorysetup-job-temp-allocator-block-size-background=1048576"
    "memorysetup-job-temp-allocator-reduction-small-platforms=262144"
    "memorysetup-allocator-temp-initial-block-size-main=262144"
    "memorysetup-allocator-temp-initial-block-size-worker=262144"
    "memorysetup-temp-allocator-size-background-worker=32768"
    "memorysetup-temp-allocator-size-job-worker=262144"
    "memorysetup-temp-allocator-size-preload-manager=33554432"
    "memorysetup-temp-allocator-size-nav-mesh-worker=65536"
    "memorysetup-temp-allocator-size-audio-worker=65536"
    "memorysetup-temp-allocator-size-cloud-worker=32768"
    "memorysetup-temp-allocator-size-gi-baking-worker=262144"
    "memorysetup-temp-allocator-size-gfx=262144"
Player connection [2908] Host "[IP] 172.18.34.58 [Port] 0 [Flags] 2 [Guid] 3605961525 [EditorId] 3605961525 [Version] 1048832 [Id] WindowsEditor(7,KR) [Debug] 1 [PackageName] WindowsEditor [ProjectName] Editor" joined multi-casting on [225.0.0.222:54997]...

Player connection [2908] Host "[IP] 172.18.34.58 [Port] 0 [Flags] 2 [Guid] 3605961525 [EditorId] 3605961525 [Version] 1048832 [Id] WindowsEditor(7,KR) [Debug] 1 [PackageName] WindowsEditor [ProjectName] Editor" joined alternative multi-casting on [225.0.0.222:34997]...

[Physics::Module] Initialized MultithreadedJobDispatcher with 11 workers.
Refreshing native plugins compatible for Editor in 21.49 ms, found 3 plugins.
Preloading 0 native plugins for Editor in 0.00 ms.
Initialize engine version: 2022.3.17f1 (4fc78088f837)
[Subsystems] Discovering subsystems at path C:/Program Files/Unity/Hub/Editor/2022.3.17f1/Editor/Data/Resources/UnitySubsystems
[Subsystems] Discovering subsystems at path C:/Users/rawat/Documents/GitHub/FIRST-PERSON-BASIC-GAME/FPS/Assets
GfxDevice: creating device client; threaded=0; jobified=0
Direct3D:
    Version:  Direct3D 11.0 [level 11.1]
    Renderer: AMD Radeon(TM) RX 6500M (ID=0x743f)
    Vendor:   ATI
    VRAM:     4050 MB
    Driver:   31.0.12002.7004
Initialize mono
Mono path[0] = 'C:/Program Files/Unity/Hub/Editor/2022.3.17f1/Editor/Data/Managed'
Mono path[1] = 'C:/Program Files/Unity/Hub/Editor/2022.3.17f1/Editor/Data/MonoBleedingEdge/lib/mono/unityjit-win32'
Mono config path = 'C:/Program Files/Unity/Hub/Editor/2022.3.17f1/Editor/Data/MonoBleedingEdge/etc'
Using monoOptions --debugger-agent=transport=dt_socket,embedding=1,server=y,suspend=n,address=127.0.0.1:56428
Begin MonoManager ReloadAssembly
Registering precompiled unity dll's ...
Register platform support module: C:/Program Files/Unity/Hub/Editor/2022.3.17f1/Editor/Data/PlaybackEngines/WebGLSupport/UnityEditor.WebGL.Extensions.dll
Register platform support module: C:/Program Files/Unity/Hub/Editor/2022.3.17f1/Editor/Data/PlaybackEngines/WindowsStandaloneSupport/UnityEditor.WindowsStandalone.Extensions.dll
Registered in 0.021777 seconds.
- Loaded All Assemblies, in  0.736 seconds
Native extension for WindowsStandalone target not found
Native extension for WebGL target not found
Mono: successfully reloaded assembly
- Finished resetting the current domain, in  0.574 seconds
Domain Reload Profiling: 1306ms
	BeginReloadAssembly (225ms)
		ExecutionOrderSort (0ms)
		DisableScriptedObjects (0ms)
		BackupInstance (0ms)
		ReleaseScriptingObjects (0ms)
		CreateAndSetChildDomain (1ms)
	RebuildCommonClasses (65ms)
	RebuildNativeTypeToScriptingClass (21ms)
	initialDomainReloadingComplete (134ms)
	LoadAllAssembliesAndSetupDomain (286ms)
		LoadAssemblies (220ms)
		RebuildTransferFunctionScriptingTraits (0ms)
		AnalyzeDomain (282ms)
			TypeCache.Refresh (279ms)
				TypeCache.ScanAssembly (257ms)
			ScanForSourceGeneratedMonoScriptInfo (1ms)
			ResolveRequiredComponents (1ms)
	FinalizeReload (575ms)
		ReleaseScriptCaches (0ms)
		RebuildScriptCaches (0ms)
		SetupLoadedEditorAssemblies (448ms)
			LogAssemblyErrors (0ms)
			InitializePlatformSupportModulesInManaged (22ms)
			SetLoadedEditorAssemblies (12ms)
			RefreshPlugins (0ms)
			BeforeProcessingInitializeOnLoad (5ms)
			ProcessInitializeOnLoadAttributes (310ms)
			ProcessInitializeOnLoadMethodAttributes (99ms)
			AfterProcessingInitializeOnLoad (0ms)
			EditorAssembliesLoaded (0ms)
		ExecutionOrderSort2 (0ms)
		AwakeInstancesAfterBackupRestoration (0ms)
========================================================================
Worker process is ready to serve import requests
Begin MonoManager ReloadAssembly
- Loaded All Assemblies, in  1.192 seconds
Refreshing native plugins compatible for Editor in 7.19 ms, found 3 plugins.
Native extension for WindowsStandalone target not found
Native extension for WebGL target not found
Package Manager log level set to [2]
[Package Manager] Server::EnsureServerProcessIsRunning -- launch failed, reason: Unity was launched with the -noUpm command-line argument
[Package Manager] UpmClient::Send -- Unable to send message (not connected to UPM process).
[Package Manager] Cannot connect to Unity Package Manager local server
Mono: successfully reloaded assembly
- Finished resetting the current domain, in  1.309 seconds
Domain Reload Profiling: 2496ms
	BeginReloadAssembly (282ms)
		ExecutionOrderSort (0ms)
		DisableScriptedObjects (12ms)
		BackupInstance (0ms)
		ReleaseScriptingObjects (0ms)
		CreateAndSetChildDomain (37ms)
	RebuildCommonClasses (60ms)
	RebuildNativeTypeToScriptingClass (20ms)
	initialDomainReloadingComplete (84ms)
	LoadAllAssembliesAndSetupDomain (739ms)
		LoadAssemblies (613ms)
		RebuildTransferFunctionScriptingTraits (0ms)
		AnalyzeDomain (292ms)
			TypeCache.Refresh (252ms)
				TypeCache.ScanAssembly (231ms)
			ScanForSourceGeneratedMonoScriptInfo (26ms)
			ResolveRequiredComponents (11ms)
	FinalizeReload (1311ms)
		ReleaseScriptCaches (0ms)
		RebuildScriptCaches (0ms)
		SetupLoadedEditorAssemblies (973ms)
			LogAssemblyErrors (0ms)
			InitializePlatformSupportModulesInManaged (15ms)
			SetLoadedEditorAssemblies (11ms)
			RefreshPlugins (0ms)
			BeforeProcessingInitializeOnLoad (179ms)
			ProcessInitializeOnLoadAttributes (708ms)
			ProcessInitializeOnLoadMethodAttributes (39ms)
			AfterProcessingInitializeOnLoad (21ms)
			EditorAssembliesLoaded (1ms)
		ExecutionOrderSort2 (0ms)
		AwakeInstancesAfterBackupRestoration (23ms)
Launched and connected shader compiler UnityShaderCompiler.exe after 0.09 seconds
Refreshing native plugins compatible for Editor in 11.40 ms, found 3 plugins.
Preloading 0 native plugins for Editor in 0.00 ms.
Unloading 3090 Unused Serialized files (Serialized files now loaded: 0)
Unloading 32 unused Assets / (57.2 KB). Loaded Objects now: 3569.
Memory consumption went from 136.8 MB to 136.7 MB.
Total: 7.993600 ms (FindLiveObjects: 0.563500 ms CreateObjectMapping: 0.269800 ms MarkObjects: 6.943000 ms  DeleteObjects: 0.215200 ms)

AssetImportParameters requested are different than current active one (requested -> active):
  custom:container-demuxer-ogg: 62fdf1f143b41e24485cea50d1cbac27 -> 
  custom:video-decoder-ogg-theora: a1e56fd34408186e4bbccfd4996cb3dc -> 
  custom:framework-win-MediaFoundation: 216162199b28c13a410421893ffa2e32 -> 
  custom:CustomObjectIndexerAttribute: 6d391050e5a25f67b0a2c618074f2cd9 -> 
  custom:container-demuxer-webm: 4f35f7cbe854078d1ac9338744f61a02 -> 
  custom:container-muxer-webm: aa71ff27fc2769a1b78a27578f13a17b -> 
  custom:video-decoder-webm-vp8: 9c59270c3fd7afecdb556c50c9e8de78 -> 
  custom:SearchIndexIgnoredProperties: e643bd26f0fe6173181afceb89e7c659 -> 
  custom:AudioImporter_EditorPlatform: d09bf68614088b80899f8185d706f6e7 -> 
  custom:video-encoder-webm-vp8: eb34c28f22e8b96e1ab97ce403110664 -> 
  custom:audio-decoder-ogg-vorbis: bf7c407c2cedff20999df2af8eb42d56 -> 
  custom:audio-encoder-webm-vorbis: bf7c407c2cedff20999df2af8eb42d56 -> 
========================================================================
Received Import Request.
  Time since last request: 2210.337213 seconds.
  path: Assets/PolygonNature/FX/FX_Models/ButterflyPipe.obj
  artifactKey: Guid(e0cd9cf47227c67408d75c4c14a4a212) Importer(815301076,1909f56bfc062723c751e8b465ee728b)
Start importing Assets/PolygonNature/FX/FX_Models/ButterflyPipe.obj using Guid(e0cd9cf47227c67408d75c4c14a4a212) Importer(815301076,1909f56bfc062723c751e8b465ee728b)  -> (artifact id: '19a620f8ec21a9f58381c4ef50cb509e') in 0.426962 seconds
Number of updated asset objects reloaded before import = 0
Number of asset objects unloaded after import = 10
========================================================================
Received Import Request.
  Time since last request: 1.399767 seconds.
  path: Assets/PolygonNature/FX/FX_Prefabs/Flies_01.prefab
  artifactKey: Guid(eabd393839c5f634e98cc906257d93dc) Importer(815301076,1909f56bfc062723c751e8b465ee728b)
Start importing Assets/PolygonNature/FX/FX_Prefabs/Flies_01.prefab using Guid(eabd393839c5f634e98cc906257d93dc) Importer(815301076,1909f56bfc062723c751e8b465ee728b)  -> (artifact id: '5c7725e8317fee85441d777d5f229748') in 0.072756 seconds
Number of updated asset objects reloaded before import = 0
Number of asset objects unloaded after import = 7
========================================================================
Received Import Request.
  Time since last request: 0.305568 seconds.
  path: Assets/PolygonNature/FX/FX_Prefabs/FX_Snow.prefab
  artifactKey: Guid(3758ed06cdf471640b0fdccdc74e21df) Importer(815301076,1909f56bfc062723c751e8b465ee728b)
Start importing Assets/PolygonNature/FX/FX_Prefabs/FX_Snow.prefab using Guid(3758ed06cdf471640b0fdccdc74e21df) Importer(815301076,1909f56bfc062723c751e8b465ee728b)  -> (artifact id: '4346b789d1c13dc026229428ebd325aa') in 0.072742 seconds
Number of updated asset objects reloaded before import = 0
Number of asset objects unloaded after import = 7
========================================================================
Received Import Request.
  Time since last request: 2.227206 seconds.
  path: Assets/PolygonNature/FX/FX_Prefabs/Glowing_Dust_01.prefab
  artifactKey: Guid(e62fe7588430d264ab316d646f76d61d) Importer(815301076,1909f56bfc062723c751e8b465ee728b)
Start importing Assets/PolygonNature/FX/FX_Prefabs/Glowing_Dust_01.prefab using Guid(e62fe7588430d264ab316d646f76d61d) Importer(815301076,1909f56bfc062723c751e8b465ee728b)  -> (artifact id: 'fdc7fe6b3e35f048b8aa8ae8a317609e') in 0.101773 seconds
Number of updated asset objects reloaded before import = 0
Number of asset objects unloaded after import = 7
========================================================================
Received Import Request.
  Time since last request: 0.187494 seconds.
  path: Assets/PolygonNature/FX/FX_Prefabs/Leaves_Green_01.prefab
  artifactKey: Guid(1b09a7fc50f421946b2eda7e5f09e698) Importer(815301076,1909f56bfc062723c751e8b465ee728b)
Start importing Assets/PolygonNature/FX/FX_Prefabs/Leaves_Green_01.prefab using Guid(1b09a7fc50f421946b2eda7e5f09e698) Importer(815301076,1909f56bfc062723c751e8b465ee728b)  -> (artifact id: 'b79044dfc979da26e398c20aff618e39') in 0.089452 seconds
Number of updated asset objects reloaded before import = 0
Number of asset objects unloaded after import = 9
========================================================================
Received Import Request.
  Time since last request: 0.916035 seconds.
  path: Assets/PolygonNature/FX/FX_Models/ParticlePlane.fbx
  artifactKey: Guid(4fb8904612b819c4da1a4736db615103) Importer(815301076,1909f56bfc062723c751e8b465ee728b)
Start importing Assets/PolygonNature/FX/FX_Models/ParticlePlane.fbx using Guid(4fb8904612b819c4da1a4736db615103) Importer(815301076,1909f56bfc062723c751e8b465ee728b)  -> (artifact id: '6ce221ae9244fa94152ff77e82e3d94e') in 0.052147 seconds
Number of updated asset objects reloaded before import = 0
Number of asset objects unloaded after import = 10
========================================================================
Received Import Request.
  Time since last request: 0.274258 seconds.
  path: Assets/PolygonNature/FX/FX_Prefabs/Rain_Particle_Floor_FX.prefab
  artifactKey: Guid(d3c6c6fac7d04684694d9183c4f2a8f4) Importer(815301076,1909f56bfc062723c751e8b465ee728b)
Start importing Assets/PolygonNature/FX/FX_Prefabs/Rain_Particle_Floor_FX.prefab using Guid(d3c6c6fac7d04684694d9183c4f2a8f4) Importer(815301076,1909f56bfc062723c751e8b465ee728b)  -> (artifact id: '5df2d310755766efac924705d702ccd8') in 0.532923 seconds
Number of updated asset objects reloaded before import = 0
Number of asset objects unloaded after import = 11
========================================================================
Received Import Request.
  Time since last request: 0.981404 seconds.
  path: Assets/PolygonNature/FX/FX_Models/SM_Generic_SkyDome.fbx
  artifactKey: Guid(94ed92c4b7ab4ba4d8d2dfee32c2c4ca) Importer(815301076,1909f56bfc062723c751e8b465ee728b)
Start importing Assets/PolygonNature/FX/FX_Models/SM_Generic_SkyDome.fbx using Guid(94ed92c4b7ab4ba4d8d2dfee32c2c4ca) Importer(815301076,1909f56bfc062723c751e8b465ee728b)  -> (artifact id: 'c1eab5e489545fcb7ccfd8b4a2f0af43') in 0.088820 seconds
Number of updated asset objects reloaded before import = 0
Number of asset objects unloaded after import = 7
========================================================================
Received Import Request.
  Time since last request: 0.012473 seconds.
  path: Assets/PolygonNature/FX/FX_Prefabs/SM_Generic_SkyDome.prefab
  artifactKey: Guid(1db8601c97565c84084b5b490940fae6) Importer(815301076,1909f56bfc062723c751e8b465ee728b)
Start importing Assets/PolygonNature/FX/FX_Prefabs/SM_Generic_SkyDome.prefab using Guid(1db8601c97565c84084b5b490940fae6) Importer(815301076,1909f56bfc062723c751e8b465ee728b)  -> (artifact id: '498bacd0928216cbd86c8435a3f45450') in 0.328344 seconds
Number of updated asset objects reloaded before import = 0
Number of asset objects unloaded after import = 8
========================================================================
Received Import Request.
  Time since last request: 128.852249 seconds.
  path: Assets/PolygonNature/Prefabs/Trees/SM_Tree_Round_04.prefab
  artifactKey: Guid(1c16030f889f46e42b6c73b6d0f6113e) Importer(815301076,1909f56bfc062723c751e8b465ee728b)
Start importing Assets/PolygonNature/Prefabs/Trees/SM_Tree_Round_04.prefab using Guid(1c16030f889f46e42b6c73b6d0f6113e) Importer(815301076,1909f56bfc062723c751e8b465ee728b)  -> (artifact id: 'ddbe02c82df8f1a49003fdfd9c742d88') in 0.142952 seconds
Number of updated asset objects reloaded before import = 0
Number of asset objects unloaded after import = 12
========================================================================
Received Import Request.
  Time since last request: 0.000045 seconds.
  path: Assets/PolygonNature/Prefabs/Trees/SM_Tree_Stump_04.prefab
  artifactKey: Guid(679138ede056eb542b9629948780ee84) Importer(815301076,1909f56bfc062723c751e8b465ee728b)
Start importing Assets/PolygonNature/Prefabs/Trees/SM_Tree_Stump_04.prefab using Guid(679138ede056eb542b9629948780ee84) Importer(815301076,1909f56bfc062723c751e8b465ee728b)  -> (artifact id: 'c5e792a692d9f20376a130f3c9882076') in 0.087898 seconds
Number of updated asset objects reloaded before import = 0
Number of asset objects unloaded after import = 12
========================================================================
Received Import Request.
  Time since last request: 0.000053 seconds.
  path: Assets/PolygonNature/Prefabs/Trees/SM_Tree_Swamp_03.prefab
  artifactKey: Guid(e8efa5f3f39eede46b964d93acc7a7de) Importer(815301076,1909f56bfc062723c751e8b465ee728b)
Start importing Assets/PolygonNature/Prefabs/Trees/SM_Tree_Swamp_03.prefab using Guid(e8efa5f3f39eede46b964d93acc7a7de) Importer(815301076,1909f56bfc062723c751e8b465ee728b)  -> (artifact id: '37aeb4f6ae0bf6eba33d77343ae9ce46') in 0.035389 seconds
Number of updated asset objects reloaded before import = 0
Number of asset objects unloaded after import = 12
========================================================================
Received Import Request.
  Time since last request: 0.000024 seconds.
  path: Assets/PolygonNature/Prefabs/Trees/SM_Tree_Stump_03.prefab
  artifactKey: Guid(fa52ff58096048c4db727a636561983f) Importer(815301076,1909f56bfc062723c751e8b465ee728b)
Start importing Assets/PolygonNature/Prefabs/Trees/SM_Tree_Stump_03.prefab using Guid(fa52ff58096048c4db727a636561983f) Importer(815301076,1909f56bfc062723c751e8b465ee728b)  -> (artifact id: '360768519d281155be4bbb5c2bbcbeb6') in 0.035550 seconds
Number of updated asset objects reloaded before import = 0
Number of asset objects unloaded after import = 12
========================================================================
Received Import Request.
  Time since last request: 350.442809 seconds.
  path: Assets/New Terrain.asset
  artifactKey: Guid(4b3558b40c9a36e44828289c13ecb61a) Importer(815301076,1909f56bfc062723c751e8b465ee728b)
Start importing Assets/New Terrain.asset using Guid(4b3558b40c9a36e44828289c13ecb61a) Importer(815301076,1909f56bfc062723c751e8b465ee728b)  -> (artifact id: '74577d4d625779514b4454a9bb5fd37a') in 0.087925 seconds
Number of updated asset objects reloaded before import = 0
Number of asset objects unloaded after import = 38
========================================================================
Received Import Request.
  Time since last request: 1.347406 seconds.
  path: Assets
  artifactKey: Guid(00000000000000001000000000000000) Importer(815301076,1909f56bfc062723c751e8b465ee728b)
Start importing Assets using Guid(00000000000000001000000000000000) Importer(815301076,1909f56bfc062723c751e8b465ee728b)  -> (artifact id: '8a4fe85251aa2e89732c359432baa2c3') in 0.002802 seconds
Number of updated asset objects reloaded before import = 0
Number of asset objects unloaded after import = 0
========================================================================
Received Import Request.
  Time since last request: 17.068304 seconds.
  path: Assets/character
  artifactKey: Guid(bbc4714ab80582544bc8f1261a19b6df) Importer(815301076,1909f56bfc062723c751e8b465ee728b)
Start importing Assets/character using Guid(bbc4714ab80582544bc8f1261a19b6df) Importer(815301076,1909f56bfc062723c751e8b465ee728b)  -> (artifact id: 'c570f4285af5adae046e8ef9cf3b5f81') in 0.000982 seconds
Number of updated asset objects reloaded before import = 0
Number of asset objects unloaded after import = 0
========================================================================
Received Import Request.
  Time since last request: 9.043390 seconds.
  path: Assets/script
  artifactKey: Guid(3a8f87640d9497a41a313ec6f3ac008b) Importer(815301076,1909f56bfc062723c751e8b465ee728b)
Start importing Assets/script using Guid(3a8f87640d9497a41a313ec6f3ac008b) Importer(815301076,1909f56bfc062723c751e8b465ee728b)  -> (artifact id: 'a777a471369d6e13b4e46020e08d63f4') in 0.000789 seconds
Number of updated asset objects reloaded before import = 0
Number of asset objects unloaded after import = 0
========================================================================
Received Import Request.
  Time since last request: 21.930604 seconds.
  path: Assets/script/cahracter controller.cs
  artifactKey: Guid(6e3e3fddb6312164e9857be36e13fcb7) Importer(815301076,1909f56bfc062723c751e8b465ee728b)
Start importing Assets/script/cahracter controller.cs using Guid(6e3e3fddb6312164e9857be36e13fcb7) Importer(815301076,1909f56bfc062723c751e8b465ee728b)  -> (artifact id: 'b140a448020e17bf23b69320c9ed953f') in 0.000988 seconds
Number of updated asset objects reloaded before import = 0
Number of asset objects unloaded after import = 0
========================================================================
Received Prepare
Begin MonoManager ReloadAssembly
- Loaded All Assemblies, in  1.026 seconds
Refreshing native plugins compatible for Editor in 7.36 ms, found 3 plugins.
Native extension for WindowsStandalone target not found
Native extension for WebGL target not found
[Package Manager] Server::EnsureServerProcessIsRunning -- launch failed, reason: Unity was launched with the -noUpm command-line argument
[Package Manager] UpmClient::Send -- Unable to send message (not connected to UPM process).
[Package Manager] Cannot connect to Unity Package Manager local server
Mono: successfully reloaded assembly
- Finished resetting the current domain, in  2.273 seconds
Domain Reload Profiling: 3293ms
	BeginReloadAssembly (324ms)
		ExecutionOrderSort (0ms)
		DisableScriptedObjects (15ms)
		BackupInstance (0ms)
		ReleaseScriptingObjects (0ms)
		CreateAndSetChildDomain (62ms)
	RebuildCommonClasses (73ms)
	RebuildNativeTypeToScriptingClass (22ms)
	initialDomainReloadingComplete (73ms)
	LoadAllAssembliesAndSetupDomain (527ms)
		LoadAssemblies (684ms)
		RebuildTransferFunctionScriptingTraits (0ms)
		AnalyzeDomain (40ms)
			TypeCache.Refresh (11ms)
				TypeCache.ScanAssembly (0ms)
			ScanForSourceGeneratedMonoScriptInfo (18ms)
			ResolveRequiredComponents (9ms)
	FinalizeReload (2274ms)
		ReleaseScriptCaches (0ms)
		RebuildScriptCaches (0ms)
		SetupLoadedEditorAssemblies (1106ms)
			LogAssemblyErrors (0ms)
			InitializePlatformSupportModulesInManaged (16ms)
			SetLoadedEditorAssemblies (13ms)
			RefreshPlugins (0ms)
			BeforeProcessingInitializeOnLoad (222ms)
			ProcessInitializeOnLoadAttributes (791ms)
			ProcessInitializeOnLoadMethodAttributes (47ms)
			AfterProcessingInitializeOnLoad (17ms)
			EditorAssembliesLoaded (0ms)
		ExecutionOrderSort2 (0ms)
		AwakeInstancesAfterBackupRestoration (18ms)
Refreshing native plugins compatible for Editor in 7.35 ms, found 3 plugins.
Preloading 0 native plugins for Editor in 0.00 ms.
Unloading 3077 Unused Serialized files (Serialized files now loaded: 0)
Unloading 23 unused Assets / (30.3 KB). Loaded Objects now: 3589.
Memory consumption went from 141.0 MB to 140.9 MB.
Total: 5.295100 ms (FindLiveObjects: 0.395500 ms CreateObjectMapping: 0.191300 ms MarkObjects: 4.563000 ms  DeleteObjects: 0.143900 ms)

Prepare: number of updated asset objects reloaded= 0
AssetImportParameters requested are different than current active one (requested -> active):
  custom:container-demuxer-ogg: 62fdf1f143b41e24485cea50d1cbac27 -> 
  custom:video-decoder-ogg-theora: a1e56fd34408186e4bbccfd4996cb3dc -> 
  custom:framework-win-MediaFoundation: 216162199b28c13a410421893ffa2e32 -> 
  custom:CustomObjectIndexerAttribute: 6d391050e5a25f67b0a2c618074f2cd9 -> 
  custom:container-demuxer-webm: 4f35f7cbe854078d1ac9338744f61a02 -> 
  custom:container-muxer-webm: aa71ff27fc2769a1b78a27578f13a17b -> 
  custom:video-decoder-webm-vp8: 9c59270c3fd7afecdb556c50c9e8de78 -> 
  custom:SearchIndexIgnoredProperties: e643bd26f0fe6173181afceb89e7c659 -> 
  custom:AudioImporter_EditorPlatform: d09bf68614088b80899f8185d706f6e7 -> 
  custom:video-encoder-webm-vp8: eb34c28f22e8b96e1ab97ce403110664 -> 
  custom:audio-decoder-ogg-vorbis: bf7c407c2cedff20999df2af8eb42d56 -> 
  custom:audio-encoder-webm-vorbis: bf7c407c2cedff20999df2af8eb42d56 -> 
========================================================================
Received Import Request.
  Time since last request: 28.624214 seconds.
  path: Assets/script/camera controller.cs
  artifactKey: Guid(dddbaf23d339ddb4ca95083ba0ecc862) Importer(815301076,1909f56bfc062723c751e8b465ee728b)
Start importing Assets/script/camera controller.cs using Guid(dddbaf23d339ddb4ca95083ba0ecc862) Importer(815301076,1909f56bfc062723c751e8b465ee728b)  -> (artifact id: '0189ead33769ea8c946fcd7bbc182ac6') in 0.003475 seconds
Number of updated asset objects reloaded before import = 0
Number of asset objects unloaded after import = 0
========================================================================
Received Import Request.
  Time since last request: 5.867558 seconds.
  path: Assets/cameracontroller.cs
  artifactKey: Guid(56658908542dac0449af1b6b84eddcd1) Importer(815301076,1909f56bfc062723c751e8b465ee728b)
Start importing Assets/cameracontroller.cs using Guid(56658908542dac0449af1b6b84eddcd1) Importer(815301076,1909f56bfc062723c751e8b465ee728b)  -> (artifact id: 'd45e3c416047427b7c1c30760c9f8ef7') in 0.000893 seconds
Number of updated asset objects reloaded before import = 0
Number of asset objects unloaded after import = 0
========================================================================
Received Prepare
Begin MonoManager ReloadAssembly
- Loaded All Assemblies, in  1.039 seconds
Refreshing native plugins compatible for Editor in 7.48 ms, found 3 plugins.
Native extension for WindowsStandalone target not found
Native extension for WebGL target not found
[Package Manager] Server::EnsureServerProcessIsRunning -- launch failed, reason: Unity was launched with the -noUpm command-line argument
[Package Manager] UpmClient::Send -- Unable to send message (not connected to UPM process).
[Package Manager] Cannot connect to Unity Package Manager local server
Mono: successfully reloaded assembly
- Finished resetting the current domain, in  2.411 seconds
Domain Reload Profiling: 3442ms
	BeginReloadAssembly (325ms)
		ExecutionOrderSort (0ms)
		DisableScriptedObjects (15ms)
		BackupInstance (0ms)
		ReleaseScriptingObjects (0ms)
		CreateAndSetChildDomain (67ms)
	RebuildCommonClasses (71ms)
	RebuildNativeTypeToScriptingClass (24ms)
	initialDomainReloadingComplete (64ms)
	LoadAllAssembliesAndSetupDomain (545ms)
		LoadAssemblies (699ms)
		RebuildTransferFunctionScriptingTraits (0ms)
		AnalyzeDomain (21ms)
			TypeCache.Refresh (11ms)
				TypeCache.ScanAssembly (0ms)
			ScanForSourceGeneratedMonoScriptInfo (0ms)
			ResolveRequiredComponents (8ms)
	FinalizeReload (2413ms)
		ReleaseScriptCaches (0ms)
		RebuildScriptCaches (0ms)
		SetupLoadedEditorAssemblies (1115ms)
			LogAssemblyErrors (0ms)
			InitializePlatformSupportModulesInManaged (19ms)
			SetLoadedEditorAssemblies (13ms)
			RefreshPlugins (0ms)
			BeforeProcessingInitializeOnLoad (238ms)
			ProcessInitializeOnLoadAttributes (769ms)
			ProcessInitializeOnLoadMethodAttributes (55ms)
			AfterProcessingInitializeOnLoad (21ms)
			EditorAssembliesLoaded (0ms)
		ExecutionOrderSort2 (0ms)
		AwakeInstancesAfterBackupRestoration (19ms)
Refreshing native plugins compatible for Editor in 8.04 ms, found 3 plugins.
Preloading 0 native plugins for Editor in 0.00 ms.
Unloading 3077 Unused Serialized files (Serialized files now loaded: 0)
Unloading 22 unused Assets / (30.2 KB). Loaded Objects now: 3592.
Memory consumption went from 142.9 MB to 142.9 MB.
Total: 5.145600 ms (FindLiveObjects: 0.366000 ms CreateObjectMapping: 0.234800 ms MarkObjects: 4.441900 ms  DeleteObjects: 0.101000 ms)

Prepare: number of updated asset objects reloaded= 0
AssetImportParameters requested are different than current active one (requested -> active):
  custom:container-demuxer-ogg: 62fdf1f143b41e24485cea50d1cbac27 -> 
  custom:video-decoder-ogg-theora: a1e56fd34408186e4bbccfd4996cb3dc -> 
  custom:framework-win-MediaFoundation: 216162199b28c13a410421893ffa2e32 -> 
  custom:CustomObjectIndexerAttribute: 6d391050e5a25f67b0a2c618074f2cd9 -> 
  custom:container-demuxer-webm: 4f35f7cbe854078d1ac9338744f61a02 -> 
  custom:container-muxer-webm: aa71ff27fc2769a1b78a27578f13a17b -> 
  custom:video-decoder-webm-vp8: 9c59270c3fd7afecdb556c50c9e8de78 -> 
  custom:SearchIndexIgnoredProperties: e643bd26f0fe6173181afceb89e7c659 -> 
  custom:AudioImporter_EditorPlatform: d09bf68614088b80899f8185d706f6e7 -> 
  custom:video-encoder-webm-vp8: eb34c28f22e8b96e1ab97ce403110664 -> 
  custom:audio-decoder-ogg-vorbis: bf7c407c2cedff20999df2af8eb42d56 -> 
  custom:audio-encoder-webm-vorbis: bf7c407c2cedff20999df2af8eb42d56 -> 
========================================================================
Received Import Request.
  Time since last request: 115.347787 seconds.
  path: Assets/Eve By J.Gonzales.fbx
  artifactKey: Guid(ae1b8fb053efac6438e949387e3d9aa4) Importer(815301076,1909f56bfc062723c751e8b465ee728b)
Start importing Assets/Eve By J.Gonzales.fbx using Guid(ae1b8fb053efac6438e949387e3d9aa4) Importer(815301076,1909f56bfc062723c751e8b465ee728b)  -> (artifact id: '73d1c32581dbe040ff8b1a80597c1895') in 0.379425 seconds
Number of updated asset objects reloaded before import = 0
Number of asset objects unloaded after import = 140
========================================================================
Received Import Request.
  Time since last request: 40.260616 seconds.
  path: Assets/character/Eve By J.Gonzales.fbx
  artifactKey: Guid(ae1b8fb053efac6438e949387e3d9aa4) Importer(815301076,1909f56bfc062723c751e8b465ee728b)
Start importing Assets/character/Eve By J.Gonzales.fbx using Guid(ae1b8fb053efac6438e949387e3d9aa4) Importer(815301076,1909f56bfc062723c751e8b465ee728b)  -> (artifact id: '07fb602844c77d64229ae0fc7519453b') in 0.582262 seconds
Number of updated asset objects reloaded before import = 0
Number of asset objects unloaded after import = 142
