Using pre-set license
Built from '2022.3/staging' branch; Version is '2022.3.17f1 (4fc78088f837) revision 5228416'; Using compiler version '192829333'; Build Type 'Release'
OS: 'Windows 11  (10.0.22631) 64bit CoreSingleLanguage' Language: 'en' Physical Memory: 15711 MB
BatchMode: 1, IsHumanControllingUs: 0, StartBugReporterOnCrash: 0, Is64bit: 1, IsPro: 1

COMMAND LINE ARGUMENTS:
C:\Program Files\Unity\Hub\Editor\2022.3.17f1\Editor\Unity.exe
-adb2
-batchMode
-noUpm
-name
AssetImportWorker3
-projectPath
C:/Users/rawat/Documents/GitHub/FIRST-PERSON-BASIC-GAME/FPS
-logFile
Logs/AssetImportWorker3.log
-srvPort
55732
Successfully changed project path to: C:/Users/rawat/Documents/GitHub/FIRST-PERSON-BASIC-GAME/FPS
C:/Users/rawat/Documents/GitHub/FIRST-PERSON-BASIC-GAME/FPS
[UnityMemory] Configuration Parameters - Can be set up in boot.config
    "memorysetup-bucket-allocator-granularity=16"
    "memorysetup-bucket-allocator-bucket-count=8"
    "memorysetup-bucket-allocator-block-size=33554432"
    "memorysetup-bucket-allocator-block-count=8"
    "memorysetup-main-allocator-block-size=16777216"
    "memorysetup-thread-allocator-block-size=16777216"
    "memorysetup-gfx-main-allocator-block-size=16777216"
    "memorysetup-gfx-thread-allocator-block-size=16777216"
    "memorysetup-cache-allocator-block-size=4194304"
    "memorysetup-typetree-allocator-block-size=2097152"
    "memorysetup-profiler-bucket-allocator-granularity=16"
    "memorysetup-profiler-bucket-allocator-bucket-count=8"
    "memorysetup-profiler-bucket-allocator-block-size=33554432"
    "memorysetup-profiler-bucket-allocator-block-count=8"
    "memorysetup-profiler-allocator-block-size=16777216"
    "memorysetup-profiler-editor-allocator-block-size=1048576"
    "memorysetup-temp-allocator-size-main=16777216"
    "memorysetup-job-temp-allocator-block-size=2097152"
    "memorysetup-job-temp-allocator-block-size-background=1048576"
    "memorysetup-job-temp-allocator-reduction-small-platforms=262144"
    "memorysetup-allocator-temp-initial-block-size-main=262144"
    "memorysetup-allocator-temp-initial-block-size-worker=262144"
    "memorysetup-temp-allocator-size-background-worker=32768"
    "memorysetup-temp-allocator-size-job-worker=262144"
    "memorysetup-temp-allocator-size-preload-manager=33554432"
    "memorysetup-temp-allocator-size-nav-mesh-worker=65536"
    "memorysetup-temp-allocator-size-audio-worker=65536"
    "memorysetup-temp-allocator-size-cloud-worker=32768"
    "memorysetup-temp-allocator-size-gi-baking-worker=262144"
    "memorysetup-temp-allocator-size-gfx=262144"
Player connection [11280] Host "[IP] 172.18.34.58 [Port] 0 [Flags] 2 [Guid] 3411265707 [EditorId] 3411265707 [Version] 1048832 [Id] WindowsEditor(7,KR) [Debug] 1 [PackageName] WindowsEditor [ProjectName] Editor" joined multi-casting on [225.0.0.222:54997]...

Player connection [11280] Host "[IP] 172.18.34.58 [Port] 0 [Flags] 2 [Guid] 3411265707 [EditorId] 3411265707 [Version] 1048832 [Id] WindowsEditor(7,KR) [Debug] 1 [PackageName] WindowsEditor [ProjectName] Editor" joined alternative multi-casting on [225.0.0.222:34997]...

[Physics::Module] Initialized MultithreadedJobDispatcher with 11 workers.
Refreshing native plugins compatible for Editor in 25.06 ms, found 3 plugins.
Preloading 0 native plugins for Editor in 0.00 ms.
Initialize engine version: 2022.3.17f1 (4fc78088f837)
[Subsystems] Discovering subsystems at path C:/Program Files/Unity/Hub/Editor/2022.3.17f1/Editor/Data/Resources/UnitySubsystems
[Subsystems] Discovering subsystems at path C:/Users/rawat/Documents/GitHub/FIRST-PERSON-BASIC-GAME/FPS/Assets
GfxDevice: creating device client; threaded=0; jobified=0
Direct3D:
    Version:  Direct3D 11.0 [level 11.1]
    Renderer: AMD Radeon(TM) RX 6500M (ID=0x743f)
    Vendor:   ATI
    VRAM:     4050 MB
    Driver:   31.0.12002.7004
Initialize mono
Mono path[0] = 'C:/Program Files/Unity/Hub/Editor/2022.3.17f1/Editor/Data/Managed'
Mono path[1] = 'C:/Program Files/Unity/Hub/Editor/2022.3.17f1/Editor/Data/MonoBleedingEdge/lib/mono/unityjit-win32'
Mono config path = 'C:/Program Files/Unity/Hub/Editor/2022.3.17f1/Editor/Data/MonoBleedingEdge/etc'
Using monoOptions --debugger-agent=transport=dt_socket,embedding=1,server=y,suspend=n,address=127.0.0.1:56824
Begin MonoManager ReloadAssembly
Registering precompiled unity dll's ...
Register platform support module: C:/Program Files/Unity/Hub/Editor/2022.3.17f1/Editor/Data/PlaybackEngines/WebGLSupport/UnityEditor.WebGL.Extensions.dll
Register platform support module: C:/Program Files/Unity/Hub/Editor/2022.3.17f1/Editor/Data/PlaybackEngines/WindowsStandaloneSupport/UnityEditor.WindowsStandalone.Extensions.dll
Registered in 0.018711 seconds.
- Loaded All Assemblies, in  0.999 seconds
Native extension for WindowsStandalone target not found
Native extension for WebGL target not found
Mono: successfully reloaded assembly
- Finished resetting the current domain, in  0.661 seconds
Domain Reload Profiling: 1657ms
	BeginReloadAssembly (365ms)
		ExecutionOrderSort (0ms)
		DisableScriptedObjects (0ms)
		BackupInstance (0ms)
		ReleaseScriptingObjects (0ms)
		CreateAndSetChildDomain (2ms)
	RebuildCommonClasses (82ms)
	RebuildNativeTypeToScriptingClass (20ms)
	initialDomainReloadingComplete (143ms)
	LoadAllAssembliesAndSetupDomain (385ms)
		LoadAssemblies (363ms)
		RebuildTransferFunctionScriptingTraits (0ms)
		AnalyzeDomain (378ms)
			TypeCache.Refresh (374ms)
				TypeCache.ScanAssembly (336ms)
			ScanForSourceGeneratedMonoScriptInfo (2ms)
			ResolveRequiredComponents (2ms)
	FinalizeReload (662ms)
		ReleaseScriptCaches (0ms)
		RebuildScriptCaches (0ms)
		SetupLoadedEditorAssemblies (544ms)
			LogAssemblyErrors (0ms)
			InitializePlatformSupportModulesInManaged (23ms)
			SetLoadedEditorAssemblies (13ms)
			RefreshPlugins (0ms)
			BeforeProcessingInitializeOnLoad (4ms)
			ProcessInitializeOnLoadAttributes (334ms)
			ProcessInitializeOnLoadMethodAttributes (169ms)
			AfterProcessingInitializeOnLoad (0ms)
			EditorAssembliesLoaded (0ms)
		ExecutionOrderSort2 (0ms)
		AwakeInstancesAfterBackupRestoration (0ms)
========================================================================
Worker process is ready to serve import requests
Begin MonoManager ReloadAssembly
- Loaded All Assemblies, in  1.569 seconds
Refreshing native plugins compatible for Editor in 10.06 ms, found 3 plugins.
Native extension for WindowsStandalone target not found
Native extension for WebGL target not found
Package Manager log level set to [2]
[Package Manager] Server::EnsureServerProcessIsRunning -- launch failed, reason: Unity was launched with the -noUpm command-line argument
[Package Manager] UpmClient::Send -- Unable to send message (not connected to UPM process).
[Package Manager] Cannot connect to Unity Package Manager local server
Mono: successfully reloaded assembly
- Finished resetting the current domain, in  1.328 seconds
Domain Reload Profiling: 2892ms
	BeginReloadAssembly (354ms)
		ExecutionOrderSort (0ms)
		DisableScriptedObjects (16ms)
		BackupInstance (0ms)
		ReleaseScriptingObjects (0ms)
		CreateAndSetChildDomain (36ms)
	RebuildCommonClasses (66ms)
	RebuildNativeTypeToScriptingClass (19ms)
	initialDomainReloadingComplete (84ms)
	LoadAllAssembliesAndSetupDomain (1039ms)
		LoadAssemblies (832ms)
		RebuildTransferFunctionScriptingTraits (0ms)
		AnalyzeDomain (420ms)
			TypeCache.Refresh (369ms)
				TypeCache.ScanAssembly (335ms)
			ScanForSourceGeneratedMonoScriptInfo (39ms)
			ResolveRequiredComponents (10ms)
	FinalizeReload (1329ms)
		ReleaseScriptCaches (0ms)
		RebuildScriptCaches (0ms)
		SetupLoadedEditorAssemblies (1033ms)
			LogAssemblyErrors (0ms)
			InitializePlatformSupportModulesInManaged (18ms)
			SetLoadedEditorAssemblies (15ms)
			RefreshPlugins (0ms)
			BeforeProcessingInitializeOnLoad (224ms)
			ProcessInitializeOnLoadAttributes (719ms)
			ProcessInitializeOnLoadMethodAttributes (41ms)
			AfterProcessingInitializeOnLoad (15ms)
			EditorAssembliesLoaded (0ms)
		ExecutionOrderSort2 (0ms)
		AwakeInstancesAfterBackupRestoration (16ms)
Launched and connected shader compiler UnityShaderCompiler.exe after 0.13 seconds
Refreshing native plugins compatible for Editor in 7.19 ms, found 3 plugins.
Preloading 0 native plugins for Editor in 0.00 ms.
Unloading 3090 Unused Serialized files (Serialized files now loaded: 0)
Unloading 32 unused Assets / (57.1 KB). Loaded Objects now: 3569.
Memory consumption went from 136.6 MB to 136.5 MB.
Total: 8.635000 ms (FindLiveObjects: 0.637900 ms CreateObjectMapping: 0.334500 ms MarkObjects: 7.394100 ms  DeleteObjects: 0.266400 ms)

AssetImportParameters requested are different than current active one (requested -> active):
  custom:container-demuxer-ogg: 62fdf1f143b41e24485cea50d1cbac27 -> 
  custom:video-decoder-ogg-theora: a1e56fd34408186e4bbccfd4996cb3dc -> 
  custom:framework-win-MediaFoundation: 216162199b28c13a410421893ffa2e32 -> 
  custom:CustomObjectIndexerAttribute: 6d391050e5a25f67b0a2c618074f2cd9 -> 
  custom:container-demuxer-webm: 4f35f7cbe854078d1ac9338744f61a02 -> 
  custom:container-muxer-webm: aa71ff27fc2769a1b78a27578f13a17b -> 
  custom:video-decoder-webm-vp8: 9c59270c3fd7afecdb556c50c9e8de78 -> 
  custom:SearchIndexIgnoredProperties: e643bd26f0fe6173181afceb89e7c659 -> 
  custom:AudioImporter_EditorPlatform: d09bf68614088b80899f8185d706f6e7 -> 
  custom:video-encoder-webm-vp8: eb34c28f22e8b96e1ab97ce403110664 -> 
  custom:audio-decoder-ogg-vorbis: bf7c407c2cedff20999df2af8eb42d56 -> 
  custom:audio-encoder-webm-vorbis: bf7c407c2cedff20999df2af8eb42d56 -> 
========================================================================
Received Import Request.
  Time since last request: 2146.529736 seconds.
  path: Assets/PolygonNature/Prefabs/Trees/SM_Tree_02.prefab
  artifactKey: Guid(fe8147825b813cf46b4ef685a3ea56a8) Importer(815301076,1909f56bfc062723c751e8b465ee728b)
Start importing Assets/PolygonNature/Prefabs/Trees/SM_Tree_02.prefab using Guid(fe8147825b813cf46b4ef685a3ea56a8) Importer(815301076,1909f56bfc062723c751e8b465ee728b)  -> (artifact id: '1f41fb70f05425542211a821761daede') in 0.360476 seconds
Number of updated asset objects reloaded before import = 0
Number of asset objects unloaded after import = 12
========================================================================
Received Import Request.
  Time since last request: 0.000030 seconds.
  path: Assets/PolygonNature/Prefabs/Trees/SM_Tree_Generic_Dead_01.prefab
  artifactKey: Guid(7df36f4afc1dd884e81156cd2cb6545d) Importer(815301076,1909f56bfc062723c751e8b465ee728b)
Start importing Assets/PolygonNature/Prefabs/Trees/SM_Tree_Generic_Dead_01.prefab using Guid(7df36f4afc1dd884e81156cd2cb6545d) Importer(815301076,1909f56bfc062723c751e8b465ee728b)  -> (artifact id: '1800f6708534f8a011c90e48a7c790f4') in 0.092753 seconds
Number of updated asset objects reloaded before import = 0
Number of asset objects unloaded after import = 23
========================================================================
Received Import Request.
  Time since last request: 0.000050 seconds.
  path: Assets/PolygonNature/Prefabs/Trees/SM_Tree_Log_02.prefab
  artifactKey: Guid(9020d2933ec6c0544965ea4b12952c42) Importer(815301076,1909f56bfc062723c751e8b465ee728b)
Start importing Assets/PolygonNature/Prefabs/Trees/SM_Tree_Log_02.prefab using Guid(9020d2933ec6c0544965ea4b12952c42) Importer(815301076,1909f56bfc062723c751e8b465ee728b)  -> (artifact id: '1b647d16ee04ace2bac3f522eb4ea631') in 0.083008 seconds
Number of updated asset objects reloaded before import = 0
Number of asset objects unloaded after import = 12
========================================================================
Received Import Request.
  Time since last request: 0.000025 seconds.
  path: Assets/PolygonNature/Prefabs/Trees/SM_Tree_Pine_Small_02.prefab
  artifactKey: Guid(2df6c259e4a67614fac8c85e23ecb3d5) Importer(815301076,1909f56bfc062723c751e8b465ee728b)
Start importing Assets/PolygonNature/Prefabs/Trees/SM_Tree_Pine_Small_02.prefab using Guid(2df6c259e4a67614fac8c85e23ecb3d5) Importer(815301076,1909f56bfc062723c751e8b465ee728b)  -> (artifact id: 'eb35c728f10931596cdc9c3b1ef73f2a') in 0.052083 seconds
Number of updated asset objects reloaded before import = 0
Number of asset objects unloaded after import = 24
========================================================================
Received Import Request.
  Time since last request: 0.000027 seconds.
  path: Assets/PolygonNature/Prefabs/Trees/SM_Tree_Pine_Base_01.prefab
  artifactKey: Guid(16de6d3c3c2ed354b93df7ed190e4053) Importer(815301076,1909f56bfc062723c751e8b465ee728b)
Start importing Assets/PolygonNature/Prefabs/Trees/SM_Tree_Pine_Base_01.prefab using Guid(16de6d3c3c2ed354b93df7ed190e4053) Importer(815301076,1909f56bfc062723c751e8b465ee728b)  -> (artifact id: 'd5c93638ff6d25c9ebeb7d16ffab825c') in 0.040278 seconds
Number of updated asset objects reloaded before import = 0
Number of asset objects unloaded after import = 12
========================================================================
Received Import Request.
  Time since last request: 0.000025 seconds.
  path: Assets/PolygonNature/Prefabs/Trees/SM_Tree_Pine_Small_01.prefab
  artifactKey: Guid(fa1fbed80c6345a4da5ccfbda3b22ac4) Importer(815301076,1909f56bfc062723c751e8b465ee728b)
Start importing Assets/PolygonNature/Prefabs/Trees/SM_Tree_Pine_Small_01.prefab using Guid(fa1fbed80c6345a4da5ccfbda3b22ac4) Importer(815301076,1909f56bfc062723c751e8b465ee728b)  -> (artifact id: 'e13097e1e99c34e5cf61a483221467d1') in 0.053335 seconds
Number of updated asset objects reloaded before import = 0
Number of asset objects unloaded after import = 24
========================================================================
Received Import Request.
  Time since last request: 0.000031 seconds.
  path: Assets/PolygonNature/Prefabs/Trees/SM_Tree_PolyPine_Sparse_02.prefab
  artifactKey: Guid(28906d92a6b505e46a49aa2312f0ba58) Importer(815301076,1909f56bfc062723c751e8b465ee728b)
Start importing Assets/PolygonNature/Prefabs/Trees/SM_Tree_PolyPine_Sparse_02.prefab using Guid(28906d92a6b505e46a49aa2312f0ba58) Importer(815301076,1909f56bfc062723c751e8b465ee728b)  -> (artifact id: '47210b12c4d6f75deb058773f9427934') in 0.036407 seconds
Number of updated asset objects reloaded before import = 0
Number of asset objects unloaded after import = 12
========================================================================
Received Import Request.
  Time since last request: 0.000042 seconds.
  path: Assets/PolygonNature/Prefabs/Trees/SM_Tree_PolyPine_01.prefab
  artifactKey: Guid(5d7318dc4214e88458f42323d9cc4706) Importer(815301076,1909f56bfc062723c751e8b465ee728b)
Start importing Assets/PolygonNature/Prefabs/Trees/SM_Tree_PolyPine_01.prefab using Guid(5d7318dc4214e88458f42323d9cc4706) Importer(815301076,1909f56bfc062723c751e8b465ee728b)  -> (artifact id: '7887827a9135c3b34fc461c03264ba04') in 0.038539 seconds
Number of updated asset objects reloaded before import = 0
Number of asset objects unloaded after import = 12
========================================================================
Received Import Request.
  Time since last request: 0.000029 seconds.
  path: Assets/PolygonNature/Prefabs/Trees/SM_Tree_03.prefab
  artifactKey: Guid(43bbe6106d9602b418076e5e6955f800) Importer(815301076,1909f56bfc062723c751e8b465ee728b)
Start importing Assets/PolygonNature/Prefabs/Trees/SM_Tree_03.prefab using Guid(43bbe6106d9602b418076e5e6955f800) Importer(815301076,1909f56bfc062723c751e8b465ee728b)  -> (artifact id: 'e4b1877ce3ae72f1bfdcb55a67908a39') in 0.037457 seconds
Number of updated asset objects reloaded before import = 0
Number of asset objects unloaded after import = 12
========================================================================
Received Import Request.
  Time since last request: 0.000024 seconds.
  path: Assets/PolygonNature/Prefabs/Trees/SM_Tree_Generic_01.prefab
  artifactKey: Guid(e377b882a13405d4b9d5c3e8e747595e) Importer(815301076,1909f56bfc062723c751e8b465ee728b)
Start importing Assets/PolygonNature/Prefabs/Trees/SM_Tree_Generic_01.prefab using Guid(e377b882a13405d4b9d5c3e8e747595e) Importer(815301076,1909f56bfc062723c751e8b465ee728b)  -> (artifact id: '51ae911259729d9529ba784fccdb1d22') in 0.057277 seconds
Number of updated asset objects reloaded before import = 0
Number of asset objects unloaded after import = 25
========================================================================
Received Import Request.
  Time since last request: 0.000029 seconds.
  path: Assets/PolygonNature/Prefabs/Trees/SM_Tree_Birch_02.prefab
  artifactKey: Guid(1000cad1907db004b8d52ddf62c1ae94) Importer(815301076,1909f56bfc062723c751e8b465ee728b)
Start importing Assets/PolygonNature/Prefabs/Trees/SM_Tree_Birch_02.prefab using Guid(1000cad1907db004b8d52ddf62c1ae94) Importer(815301076,1909f56bfc062723c751e8b465ee728b)  -> (artifact id: '097d6614de4c0e204d79ebb8a7fe8156') in 0.069332 seconds
Number of updated asset objects reloaded before import = 0
Number of asset objects unloaded after import = 26
========================================================================
Received Import Request.
  Time since last request: 0.000037 seconds.
  path: Assets/PolygonNature/Prefabs/Trees/SM_Tree_Large_01.prefab
  artifactKey: Guid(345d6370cf80aca4e971c8de6b0e69db) Importer(815301076,1909f56bfc062723c751e8b465ee728b)
Start importing Assets/PolygonNature/Prefabs/Trees/SM_Tree_Large_01.prefab using Guid(345d6370cf80aca4e971c8de6b0e69db) Importer(815301076,1909f56bfc062723c751e8b465ee728b)  -> (artifact id: 'd9cb30def5371e4c052b37757fd4e052') in 0.038544 seconds
Number of updated asset objects reloaded before import = 0
Number of asset objects unloaded after import = 12
========================================================================
Received Import Request.
  Time since last request: 0.000038 seconds.
  path: Assets/PolygonNature/Prefabs/Trees/SM_Tree_Birch_01.prefab
  artifactKey: Guid(1ea71f643417d124d91e53eae7c666a6) Importer(815301076,1909f56bfc062723c751e8b465ee728b)
Start importing Assets/PolygonNature/Prefabs/Trees/SM_Tree_Birch_01.prefab using Guid(1ea71f643417d124d91e53eae7c666a6) Importer(815301076,1909f56bfc062723c751e8b465ee728b)  -> (artifact id: 'cbaaff50051a96d30c3805820c5cb0ea') in 0.054546 seconds
Number of updated asset objects reloaded before import = 0
Number of asset objects unloaded after import = 26
========================================================================
Received Import Request.
  Time since last request: 0.000029 seconds.
  path: Assets/PolygonNature/Prefabs/Trees/SM_Tree_Dead_01.prefab
  artifactKey: Guid(33247b6aefb946246bc9f0c7346b4364) Importer(815301076,1909f56bfc062723c751e8b465ee728b)
Start importing Assets/PolygonNature/Prefabs/Trees/SM_Tree_Dead_01.prefab using Guid(33247b6aefb946246bc9f0c7346b4364) Importer(815301076,1909f56bfc062723c751e8b465ee728b)  -> (artifact id: '8e81aeccd83fc0203dbe27fc9b4d5f8c') in 0.055916 seconds
Number of updated asset objects reloaded before import = 0
Number of asset objects unloaded after import = 22
========================================================================
Received Import Request.
  Time since last request: 0.000024 seconds.
  path: Assets/PolygonNature/Prefabs/Trees/SM_Tree_Pine_02.prefab
  artifactKey: Guid(0734397d1a4fd924f98424ecb4ca43b9) Importer(815301076,1909f56bfc062723c751e8b465ee728b)
Start importing Assets/PolygonNature/Prefabs/Trees/SM_Tree_Pine_02.prefab using Guid(0734397d1a4fd924f98424ecb4ca43b9) Importer(815301076,1909f56bfc062723c751e8b465ee728b)  -> (artifact id: 'd0f78e42cc29f322bf7ab5356803ceaa') in 0.055065 seconds
Number of updated asset objects reloaded before import = 0
Number of asset objects unloaded after import = 24
========================================================================
Received Import Request.
  Time since last request: 0.000025 seconds.
  path: Assets/PolygonNature/Prefabs/Trees/SM_Tree_Birch_04.prefab
  artifactKey: Guid(bce0c9523691df448b83c8c972060b2c) Importer(815301076,1909f56bfc062723c751e8b465ee728b)
Start importing Assets/PolygonNature/Prefabs/Trees/SM_Tree_Birch_04.prefab using Guid(bce0c9523691df448b83c8c972060b2c) Importer(815301076,1909f56bfc062723c751e8b465ee728b)  -> (artifact id: '3bdb5feff694f710ca7dec45d3b2c334') in 0.053399 seconds
Number of updated asset objects reloaded before import = 0
Number of asset objects unloaded after import = 26
========================================================================
Received Import Request.
  Time since last request: 0.000028 seconds.
  path: Assets/PolygonNature/Prefabs/Trees/SM_Tree_Dead_02.prefab
  artifactKey: Guid(f597615a8abb43c40be4c01539ceb80b) Importer(815301076,1909f56bfc062723c751e8b465ee728b)
Start importing Assets/PolygonNature/Prefabs/Trees/SM_Tree_Dead_02.prefab using Guid(f597615a8abb43c40be4c01539ceb80b) Importer(815301076,1909f56bfc062723c751e8b465ee728b)  -> (artifact id: 'fcdde5ca26112f455ab7077d580f071c') in 0.053676 seconds
Number of updated asset objects reloaded before import = 0
Number of asset objects unloaded after import = 22
========================================================================
Received Import Request.
  Time since last request: 0.000050 seconds.
  path: Assets/PolygonNature/Prefabs/Trees/SM_Tree_Branch_01.prefab
  artifactKey: Guid(d490d5805a8f22c449470acc5c2bbf6f) Importer(815301076,1909f56bfc062723c751e8b465ee728b)
Start importing Assets/PolygonNature/Prefabs/Trees/SM_Tree_Branch_01.prefab using Guid(d490d5805a8f22c449470acc5c2bbf6f) Importer(815301076,1909f56bfc062723c751e8b465ee728b)  -> (artifact id: '46ec2d5683f5dc424fe6b395d78d3098') in 0.034918 seconds
Number of updated asset objects reloaded before import = 0
Number of asset objects unloaded after import = 12
========================================================================
Received Import Request.
  Time since last request: 62.525757 seconds.
  path: Assets/PolygonNature/FX/FX_Prefabs/Butterlies_Particle_01_Blue.prefab
  artifactKey: Guid(d6a9cc8f03380b2498b5e6d4500e0af6) Importer(815301076,1909f56bfc062723c751e8b465ee728b)
Start importing Assets/PolygonNature/FX/FX_Prefabs/Butterlies_Particle_01_Blue.prefab using Guid(d6a9cc8f03380b2498b5e6d4500e0af6) Importer(815301076,1909f56bfc062723c751e8b465ee728b)  -> (artifact id: 'e24eac67250d492ba4d07a41ea68ee2b') in 0.140274 seconds
Number of updated asset objects reloaded before import = 0
Number of asset objects unloaded after import = 13
========================================================================
Received Import Request.
  Time since last request: 0.000035 seconds.
  path: Assets/PolygonNature/FX/FX_Prefabs/Butterlies_Particle_01_Orange.prefab
  artifactKey: Guid(5085f126b86c13f46937a2143b8935a7) Importer(815301076,1909f56bfc062723c751e8b465ee728b)
Start importing Assets/PolygonNature/FX/FX_Prefabs/Butterlies_Particle_01_Orange.prefab using Guid(5085f126b86c13f46937a2143b8935a7) Importer(815301076,1909f56bfc062723c751e8b465ee728b)  -> (artifact id: '4dab979d3963e2ad75a9542d13a12202') in 0.042145 seconds
Number of updated asset objects reloaded before import = 0
Number of asset objects unloaded after import = 13
========================================================================
Received Import Request.
  Time since last request: 0.000037 seconds.
  path: Assets/PolygonNature/FX/FX_Prefabs/Fire_FX.prefab
  artifactKey: Guid(b99ce17d2a62f164698110549e49b762) Importer(815301076,1909f56bfc062723c751e8b465ee728b)
Start importing Assets/PolygonNature/FX/FX_Prefabs/Fire_FX.prefab using Guid(b99ce17d2a62f164698110549e49b762) Importer(815301076,1909f56bfc062723c751e8b465ee728b)  -> (artifact id: 'aec621f475a42dafac952a38c442bdf7') in 0.092526 seconds
Number of updated asset objects reloaded before import = 0
Number of asset objects unloaded after import = 7
========================================================================
Received Import Request.
  Time since last request: 0.000040 seconds.
  path: Assets/PolygonNature/FX/FX_Prefabs/Fireflies_01.prefab
  artifactKey: Guid(9555b29e19e27964a906dc49c9318cf8) Importer(815301076,1909f56bfc062723c751e8b465ee728b)
Start importing Assets/PolygonNature/FX/FX_Prefabs/Fireflies_01.prefab using Guid(9555b29e19e27964a906dc49c9318cf8) Importer(815301076,1909f56bfc062723c751e8b465ee728b)  -> (artifact id: '16a3075405500d500e540dd20fb2f938') in 0.042570 seconds
Number of updated asset objects reloaded before import = 0
Number of asset objects unloaded after import = 7
========================================================================
Received Import Request.
  Time since last request: 0.000045 seconds.
  path: Assets/PolygonNature/FX/FX_Prefabs/Butterlies_Particle_01_MultiColour.prefab
  artifactKey: Guid(922cfc3ec2783bc4d8ae31855d8933a8) Importer(815301076,1909f56bfc062723c751e8b465ee728b)
Start importing Assets/PolygonNature/FX/FX_Prefabs/Butterlies_Particle_01_MultiColour.prefab using Guid(922cfc3ec2783bc4d8ae31855d8933a8) Importer(815301076,1909f56bfc062723c751e8b465ee728b)  -> (artifact id: 'dd500ca320693deab8c701cbd69a0a5e') in 0.033744 seconds
Number of updated asset objects reloaded before import = 0
Number of asset objects unloaded after import = 9
========================================================================
Received Import Request.
  Time since last request: 0.000033 seconds.
  path: Assets/PolygonNature/FX/FX_Prefabs/Fire_Small_FX.prefab
  artifactKey: Guid(0f8982e7a09431147a4a9b72a57ef449) Importer(815301076,1909f56bfc062723c751e8b465ee728b)
Start importing Assets/PolygonNature/FX/FX_Prefabs/Fire_Small_FX.prefab using Guid(0f8982e7a09431147a4a9b72a57ef449) Importer(815301076,1909f56bfc062723c751e8b465ee728b)  -> (artifact id: 'bd5b3f680ae056348b63363882b96bd7') in 0.026043 seconds
Number of updated asset objects reloaded before import = 0
Number of asset objects unloaded after import = 7
========================================================================
Received Import Request.
  Time since last request: 0.000030 seconds.
  path: Assets/PolygonNature/FX/FX_Prefabs/Butterlies_Particle_01_White.prefab
  artifactKey: Guid(4496bbb0544b6d64997370f08213712b) Importer(815301076,1909f56bfc062723c751e8b465ee728b)
Start importing Assets/PolygonNature/FX/FX_Prefabs/Butterlies_Particle_01_White.prefab using Guid(4496bbb0544b6d64997370f08213712b) Importer(815301076,1909f56bfc062723c751e8b465ee728b)  -> (artifact id: '046d115f68c6a8d21da7799951848832') in 0.029967 seconds
Number of updated asset objects reloaded before import = 0
Number of asset objects unloaded after import = 13
========================================================================
Received Import Request.
  Time since last request: 1.402722 seconds.
  path: Assets/PolygonNature/FX/FX_Prefabs/FX_Dust_Blowing_01.prefab
  artifactKey: Guid(6b2d1d33fdbf1a340a25ad352c47f593) Importer(815301076,1909f56bfc062723c751e8b465ee728b)
Start importing Assets/PolygonNature/FX/FX_Prefabs/FX_Dust_Blowing_01.prefab using Guid(6b2d1d33fdbf1a340a25ad352c47f593) Importer(815301076,1909f56bfc062723c751e8b465ee728b)  -> (artifact id: '29cedd836b15f6d58c786800787355f0') in 0.054949 seconds
Number of updated asset objects reloaded before import = 0
Number of asset objects unloaded after import = 7
========================================================================
Received Import Request.
  Time since last request: 0.321308 seconds.
  path: Assets/PolygonNature/FX/FX_Prefabs/FX_Water_Ripple_01.prefab
  artifactKey: Guid(5d5da19b06b71d74baef1d8c22f634e1) Importer(815301076,1909f56bfc062723c751e8b465ee728b)
Start importing Assets/PolygonNature/FX/FX_Prefabs/FX_Water_Ripple_01.prefab using Guid(5d5da19b06b71d74baef1d8c22f634e1) Importer(815301076,1909f56bfc062723c751e8b465ee728b)  -> (artifact id: '0ee52d081e5d607abd542d1292caa119') in 0.129030 seconds
Number of updated asset objects reloaded before import = 0
Number of asset objects unloaded after import = 13
========================================================================
Received Import Request.
  Time since last request: 2.163655 seconds.
  path: Assets/PolygonNature/FX/FX_Prefabs/Grass_Blowing_01.prefab
  artifactKey: Guid(42d15d42149ed484d8aea06290796e07) Importer(815301076,1909f56bfc062723c751e8b465ee728b)
Start importing Assets/PolygonNature/FX/FX_Prefabs/Grass_Blowing_01.prefab using Guid(42d15d42149ed484d8aea06290796e07) Importer(815301076,1909f56bfc062723c751e8b465ee728b)  -> (artifact id: 'daefe1f24501e338a15bb3a7d8566b33') in 0.067643 seconds
Number of updated asset objects reloaded before import = 0
Number of asset objects unloaded after import = 9
========================================================================
Received Import Request.
  Time since last request: 0.215424 seconds.
  path: Assets/PolygonNature/FX/FX_Prefabs/Leaves_Orange_01.prefab
  artifactKey: Guid(bb147685fd85c0642833a173065b34b0) Importer(815301076,1909f56bfc062723c751e8b465ee728b)
Start importing Assets/PolygonNature/FX/FX_Prefabs/Leaves_Orange_01.prefab using Guid(bb147685fd85c0642833a173065b34b0) Importer(815301076,1909f56bfc062723c751e8b465ee728b)  -> (artifact id: 'e1ba8313dca97c1af0558f622f093b12') in 0.029056 seconds
Number of updated asset objects reloaded before import = 0
Number of asset objects unloaded after import = 9
========================================================================
Received Import Request.
  Time since last request: 0.001473 seconds.
  path: Assets/PolygonNature/FX/FX_Prefabs/Leaves_Solo_Orange_01.prefab
  artifactKey: Guid(a42f233d3ffc16b4e8c60406dddf5a74) Importer(815301076,1909f56bfc062723c751e8b465ee728b)
Start importing Assets/PolygonNature/FX/FX_Prefabs/Leaves_Solo_Orange_01.prefab using Guid(a42f233d3ffc16b4e8c60406dddf5a74) Importer(815301076,1909f56bfc062723c751e8b465ee728b)  -> (artifact id: 'd1c75ca976e77c8e1d2328bd0bd3ad92') in 0.024780 seconds
Number of updated asset objects reloaded before import = 0
Number of asset objects unloaded after import = 9
========================================================================
Received Import Request.
  Time since last request: 0.000034 seconds.
  path: Assets/PolygonNature/FX/FX_Prefabs/Leaves_Solo_Pink_01.prefab
  artifactKey: Guid(67608fffc9570ca4d8944023f9b8c9a0) Importer(815301076,1909f56bfc062723c751e8b465ee728b)
Start importing Assets/PolygonNature/FX/FX_Prefabs/Leaves_Solo_Pink_01.prefab using Guid(67608fffc9570ca4d8944023f9b8c9a0) Importer(815301076,1909f56bfc062723c751e8b465ee728b)  -> (artifact id: '828cf7f21976f457a0369744bd7f55b6') in 0.016278 seconds
Number of updated asset objects reloaded before import = 0
Number of asset objects unloaded after import = 9
========================================================================
Received Import Request.
  Time since last request: 0.920913 seconds.
  path: Assets/PolygonNature/FX/FX_Models/Plane_Particle.obj
  artifactKey: Guid(30479c000e383a745bd05d57364b1f61) Importer(815301076,1909f56bfc062723c751e8b465ee728b)
Start importing Assets/PolygonNature/FX/FX_Models/Plane_Particle.obj using Guid(30479c000e383a745bd05d57364b1f61) Importer(815301076,1909f56bfc062723c751e8b465ee728b)  -> (artifact id: 'ac190bdffdbc2b811c4a12dad979c384') in 0.163471 seconds
Number of updated asset objects reloaded before import = 0
Number of asset objects unloaded after import = 10
========================================================================
Received Import Request.
  Time since last request: 1.793179 seconds.
  path: Assets/PolygonNature/FX/FX_Models/SM_Particle_Smoke_01.fbx
  artifactKey: Guid(41e18b74cd8bd984b94d58c040bb66da) Importer(815301076,1909f56bfc062723c751e8b465ee728b)
Start importing Assets/PolygonNature/FX/FX_Models/SM_Particle_Smoke_01.fbx using Guid(41e18b74cd8bd984b94d58c040bb66da) Importer(815301076,1909f56bfc062723c751e8b465ee728b)  -> (artifact id: 'bf4a5547d4a428cb74273ab1685e9dd2') in 0.048429 seconds
Number of updated asset objects reloaded before import = 0
Number of asset objects unloaded after import = 7
========================================================================
Received Import Request.
  Time since last request: 0.198460 seconds.
  path: Assets/PolygonNature/Prefabs/Plants/SM_Plant_01.prefab
  artifactKey: Guid(2535f726e7be4c44cbf8998490f36b8a) Importer(815301076,1909f56bfc062723c751e8b465ee728b)
Start importing Assets/PolygonNature/Prefabs/Plants/SM_Plant_01.prefab using Guid(2535f726e7be4c44cbf8998490f36b8a) Importer(815301076,1909f56bfc062723c751e8b465ee728b)  -> (artifact id: '63a34cb988fd3859ab343cd28b5294c8') in 0.028922 seconds
Number of updated asset objects reloaded before import = 0
Number of asset objects unloaded after import = 10
========================================================================
Received Import Request.
  Time since last request: 128.900577 seconds.
  path: Assets/PolygonNature/Prefabs/Trees/SM_Tree_Round_05.prefab
  artifactKey: Guid(732e4c9ea17173840885f16c6497c479) Importer(815301076,1909f56bfc062723c751e8b465ee728b)
Start importing Assets/PolygonNature/Prefabs/Trees/SM_Tree_Round_05.prefab using Guid(732e4c9ea17173840885f16c6497c479) Importer(815301076,1909f56bfc062723c751e8b465ee728b)  -> (artifact id: 'd277b7f9d7dc20530ed823c5cbf8b5e3') in 0.055995 seconds
Number of updated asset objects reloaded before import = 0
Number of asset objects unloaded after import = 12
========================================================================
Received Import Request.
  Time since last request: 0.001991 seconds.
  path: Assets/PolygonNature/Prefabs/Trees/SM_Tree_Stump_02.prefab
  artifactKey: Guid(d8ab54d35fe81704b8af3b42616763a2) Importer(815301076,1909f56bfc062723c751e8b465ee728b)
Start importing Assets/PolygonNature/Prefabs/Trees/SM_Tree_Stump_02.prefab using Guid(d8ab54d35fe81704b8af3b42616763a2) Importer(815301076,1909f56bfc062723c751e8b465ee728b)  -> (artifact id: '845bdc5d3ac9a65f2ac5d094d04f02ff') in 0.074953 seconds
Number of updated asset objects reloaded before import = 0
Number of asset objects unloaded after import = 12
========================================================================
Received Import Request.
  Time since last request: 0.000044 seconds.
  path: Assets/PolygonNature/Prefabs/Trees/SM_Tree_Swamp_02.prefab
  artifactKey: Guid(dbbffa6287a94b24c80e0839e6696216) Importer(815301076,1909f56bfc062723c751e8b465ee728b)
Start importing Assets/PolygonNature/Prefabs/Trees/SM_Tree_Swamp_02.prefab using Guid(dbbffa6287a94b24c80e0839e6696216) Importer(815301076,1909f56bfc062723c751e8b465ee728b)  -> (artifact id: 'ce82ec6b6d4d6b2c281c92ddec002f9c') in 0.051342 seconds
Number of updated asset objects reloaded before import = 0
Number of asset objects unloaded after import = 12
========================================================================
Received Import Request.
  Time since last request: 0.000055 seconds.
  path: Assets/PolygonNature/Prefabs/Trees/SM_Tree_Stump_01.prefab
  artifactKey: Guid(c104bd949dbb87644ab3fe86ab934293) Importer(815301076,1909f56bfc062723c751e8b465ee728b)
Start importing Assets/PolygonNature/Prefabs/Trees/SM_Tree_Stump_01.prefab using Guid(c104bd949dbb87644ab3fe86ab934293) Importer(815301076,1909f56bfc062723c751e8b465ee728b)  -> (artifact id: '284efe8f6135d193b03dc7ccd405431c') in 0.042733 seconds
Number of updated asset objects reloaded before import = 0
Number of asset objects unloaded after import = 12
========================================================================
Received Import Request.
  Time since last request: 0.000034 seconds.
  path: Assets/PolygonNature/Prefabs/Trees/SM_Tree_Swamp_01.prefab
  artifactKey: Guid(d6660cac033867643a649f4255fa8e4d) Importer(815301076,1909f56bfc062723c751e8b465ee728b)
Start importing Assets/PolygonNature/Prefabs/Trees/SM_Tree_Swamp_01.prefab using Guid(d6660cac033867643a649f4255fa8e4d) Importer(815301076,1909f56bfc062723c751e8b465ee728b)  -> (artifact id: '33f876e55f5d2783dbde58851583a050') in 0.037348 seconds
Number of updated asset objects reloaded before import = 0
Number of asset objects unloaded after import = 12
Editor requested this worker to shutdown with reason: Scaling down because of idle timeout
TcpMessagingSession - receive error: operation aborted. errorcode: 995, details: The I/O operation has been aborted because of either a thread exit or an application request.
AssetImportWorker is now disconnected from the server
Process exiting
Exiting without the bug reporter. Application will terminate with return code 0