Using pre-set license
Built from '2022.3/staging' branch; Version is '2022.3.17f1 (4fc78088f837) revision 5228416'; Using compiler version '192829333'; Build Type 'Release'
OS: 'Windows 11  (10.0.22631) 64bit CoreSingleLanguage' Language: 'en' Physical Memory: 15711 MB
BatchMode: 1, IsHumanControllingUs: 0, StartBugReporterOnCrash: 0, Is64bit: 1, IsPro: 1

COMMAND LINE ARGUMENTS:
C:\Program Files\Unity\Hub\Editor\2022.3.17f1\Editor\Unity.exe
-adb2
-batchMode
-noUpm
-name
AssetImportWorker2
-projectPath
C:/Users/rawat/Documents/GitHub/FIRST-PERSON-BASIC-GAME/FPS
-logFile
Logs/AssetImportWorker2.log
-srvPort
60617
Successfully changed project path to: C:/Users/rawat/Documents/GitHub/FIRST-PERSON-BASIC-GAME/FPS
C:/Users/rawat/Documents/GitHub/FIRST-PERSON-BASIC-GAME/FPS
[UnityMemory] Configuration Parameters - Can be set up in boot.config
    "memorysetup-bucket-allocator-granularity=16"
    "memorysetup-bucket-allocator-bucket-count=8"
    "memorysetup-bucket-allocator-block-size=33554432"
    "memorysetup-bucket-allocator-block-count=8"
    "memorysetup-main-allocator-block-size=16777216"
    "memorysetup-thread-allocator-block-size=16777216"
    "memorysetup-gfx-main-allocator-block-size=16777216"
    "memorysetup-gfx-thread-allocator-block-size=16777216"
    "memorysetup-cache-allocator-block-size=4194304"
    "memorysetup-typetree-allocator-block-size=2097152"
    "memorysetup-profiler-bucket-allocator-granularity=16"
    "memorysetup-profiler-bucket-allocator-bucket-count=8"
    "memorysetup-profiler-bucket-allocator-block-size=33554432"
    "memorysetup-profiler-bucket-allocator-block-count=8"
    "memorysetup-profiler-allocator-block-size=16777216"
    "memorysetup-profiler-editor-allocator-block-size=1048576"
    "memorysetup-temp-allocator-size-main=16777216"
    "memorysetup-job-temp-allocator-block-size=2097152"
    "memorysetup-job-temp-allocator-block-size-background=1048576"
    "memorysetup-job-temp-allocator-reduction-small-platforms=262144"
    "memorysetup-allocator-temp-initial-block-size-main=262144"
    "memorysetup-allocator-temp-initial-block-size-worker=262144"
    "memorysetup-temp-allocator-size-background-worker=32768"
    "memorysetup-temp-allocator-size-job-worker=262144"
    "memorysetup-temp-allocator-size-preload-manager=33554432"
    "memorysetup-temp-allocator-size-nav-mesh-worker=65536"
    "memorysetup-temp-allocator-size-audio-worker=65536"
    "memorysetup-temp-allocator-size-cloud-worker=32768"
    "memorysetup-temp-allocator-size-gi-baking-worker=262144"
    "memorysetup-temp-allocator-size-gfx=262144"
Player connection [16736] Host "[IP] 172.18.34.58 [Port] 0 [Flags] 2 [Guid] 383803213 [EditorId] 383803213 [Version] 1048832 [Id] WindowsEditor(7,KR) [Debug] 1 [PackageName] WindowsEditor [ProjectName] Editor" joined multi-casting on [225.0.0.222:54997]...

Player connection [16736] Host "[IP] 172.18.34.58 [Port] 0 [Flags] 2 [Guid] 383803213 [EditorId] 383803213 [Version] 1048832 [Id] WindowsEditor(7,KR) [Debug] 1 [PackageName] WindowsEditor [ProjectName] Editor" joined alternative multi-casting on [225.0.0.222:34997]...

[Physics::Module] Initialized MultithreadedJobDispatcher with 11 workers.
Refreshing native plugins compatible for Editor in 12.94 ms, found 3 plugins.
Preloading 0 native plugins for Editor in 0.00 ms.
Initialize engine version: 2022.3.17f1 (4fc78088f837)
[Subsystems] Discovering subsystems at path C:/Program Files/Unity/Hub/Editor/2022.3.17f1/Editor/Data/Resources/UnitySubsystems
[Subsystems] Discovering subsystems at path C:/Users/rawat/Documents/GitHub/FIRST-PERSON-BASIC-GAME/FPS/Assets
GfxDevice: creating device client; threaded=0; jobified=0
Direct3D:
    Version:  Direct3D 11.0 [level 11.1]
    Renderer: AMD Radeon(TM) RX 6500M (ID=0x743f)
    Vendor:   ATI
    VRAM:     4050 MB
    Driver:   31.0.12002.7004
Initialize mono
Mono path[0] = 'C:/Program Files/Unity/Hub/Editor/2022.3.17f1/Editor/Data/Managed'
Mono path[1] = 'C:/Program Files/Unity/Hub/Editor/2022.3.17f1/Editor/Data/MonoBleedingEdge/lib/mono/unityjit-win32'
Mono config path = 'C:/Program Files/Unity/Hub/Editor/2022.3.17f1/Editor/Data/MonoBleedingEdge/etc'
Using monoOptions --debugger-agent=transport=dt_socket,embedding=1,server=y,suspend=n,address=127.0.0.1:56988
Begin MonoManager ReloadAssembly
Registering precompiled unity dll's ...
Register platform support module: C:/Program Files/Unity/Hub/Editor/2022.3.17f1/Editor/Data/PlaybackEngines/WebGLSupport/UnityEditor.WebGL.Extensions.dll
Register platform support module: C:/Program Files/Unity/Hub/Editor/2022.3.17f1/Editor/Data/PlaybackEngines/WindowsStandaloneSupport/UnityEditor.WindowsStandalone.Extensions.dll
Registered in 0.009789 seconds.
- Loaded All Assemblies, in  0.373 seconds
Native extension for WindowsStandalone target not found
Native extension for WebGL target not found
Mono: successfully reloaded assembly
- Finished resetting the current domain, in  0.300 seconds
Domain Reload Profiling: 671ms
	BeginReloadAssembly (108ms)
		ExecutionOrderSort (0ms)
		DisableScriptedObjects (0ms)
		BackupInstance (0ms)
		ReleaseScriptingObjects (0ms)
		CreateAndSetChildDomain (1ms)
	RebuildCommonClasses (33ms)
	RebuildNativeTypeToScriptingClass (10ms)
	initialDomainReloadingComplete (62ms)
	LoadAllAssembliesAndSetupDomain (157ms)
		LoadAssemblies (107ms)
		RebuildTransferFunctionScriptingTraits (0ms)
		AnalyzeDomain (155ms)
			TypeCache.Refresh (153ms)
				TypeCache.ScanAssembly (140ms)
			ScanForSourceGeneratedMonoScriptInfo (0ms)
			ResolveRequiredComponents (0ms)
	FinalizeReload (301ms)
		ReleaseScriptCaches (0ms)
		RebuildScriptCaches (0ms)
		SetupLoadedEditorAssemblies (235ms)
			LogAssemblyErrors (0ms)
			InitializePlatformSupportModulesInManaged (12ms)
			SetLoadedEditorAssemblies (7ms)
			RefreshPlugins (0ms)
			BeforeProcessingInitializeOnLoad (3ms)
			ProcessInitializeOnLoadAttributes (162ms)
			ProcessInitializeOnLoadMethodAttributes (52ms)
			AfterProcessingInitializeOnLoad (0ms)
			EditorAssembliesLoaded (0ms)
		ExecutionOrderSort2 (0ms)
		AwakeInstancesAfterBackupRestoration (0ms)
========================================================================
Worker process is ready to serve import requests
Begin MonoManager ReloadAssembly
- Loaded All Assemblies, in  0.720 seconds
Refreshing native plugins compatible for Editor in 3.29 ms, found 3 plugins.
Native extension for WindowsStandalone target not found
Native extension for WebGL target not found
Package Manager log level set to [2]
[Package Manager] Server::EnsureServerProcessIsRunning -- launch failed, reason: Unity was launched with the -noUpm command-line argument
[Package Manager] UpmClient::Send -- Unable to send message (not connected to UPM process).
[Package Manager] Cannot connect to Unity Package Manager local server
Mono: successfully reloaded assembly
- Finished resetting the current domain, in  0.664 seconds
Domain Reload Profiling: 1381ms
	BeginReloadAssembly (171ms)
		ExecutionOrderSort (0ms)
		DisableScriptedObjects (6ms)
		BackupInstance (0ms)
		ReleaseScriptingObjects (0ms)
		CreateAndSetChildDomain (25ms)
	RebuildCommonClasses (38ms)
	RebuildNativeTypeToScriptingClass (11ms)
	initialDomainReloadingComplete (49ms)
	LoadAllAssembliesAndSetupDomain (448ms)
		LoadAssemblies (356ms)
		RebuildTransferFunctionScriptingTraits (0ms)
		AnalyzeDomain (194ms)
			TypeCache.Refresh (167ms)
				TypeCache.ScanAssembly (153ms)
			ScanForSourceGeneratedMonoScriptInfo (16ms)
			ResolveRequiredComponents (11ms)
	FinalizeReload (664ms)
		ReleaseScriptCaches (0ms)
		RebuildScriptCaches (0ms)
		SetupLoadedEditorAssemblies (508ms)
			LogAssemblyErrors (0ms)
			InitializePlatformSupportModulesInManaged (7ms)
			SetLoadedEditorAssemblies (5ms)
			RefreshPlugins (0ms)
			BeforeProcessingInitializeOnLoad (92ms)
			ProcessInitializeOnLoadAttributes (375ms)
			ProcessInitializeOnLoadMethodAttributes (22ms)
			AfterProcessingInitializeOnLoad (8ms)
			EditorAssembliesLoaded (0ms)
		ExecutionOrderSort2 (0ms)
		AwakeInstancesAfterBackupRestoration (8ms)
Launched and connected shader compiler UnityShaderCompiler.exe after 0.11 seconds
Refreshing native plugins compatible for Editor in 5.85 ms, found 3 plugins.
Preloading 0 native plugins for Editor in 0.00 ms.
Unloading 3090 Unused Serialized files (Serialized files now loaded: 0)
Unloading 32 unused Assets / (57.3 KB). Loaded Objects now: 3565.
Memory consumption went from 136.2 MB to 136.2 MB.
Total: 5.840500 ms (FindLiveObjects: 0.952200 ms CreateObjectMapping: 0.213800 ms MarkObjects: 4.452600 ms  DeleteObjects: 0.218400 ms)

AssetImportParameters requested are different than current active one (requested -> active):
  custom:container-demuxer-ogg: 62fdf1f143b41e24485cea50d1cbac27 -> 
  custom:video-decoder-ogg-theora: a1e56fd34408186e4bbccfd4996cb3dc -> 
  custom:framework-win-MediaFoundation: 216162199b28c13a410421893ffa2e32 -> 
  custom:CustomObjectIndexerAttribute: 6d391050e5a25f67b0a2c618074f2cd9 -> 
  custom:container-demuxer-webm: 4f35f7cbe854078d1ac9338744f61a02 -> 
  custom:container-muxer-webm: aa71ff27fc2769a1b78a27578f13a17b -> 
  custom:video-decoder-webm-vp8: 9c59270c3fd7afecdb556c50c9e8de78 -> 
  custom:SearchIndexIgnoredProperties: e643bd26f0fe6173181afceb89e7c659 -> 
  custom:AudioImporter_EditorPlatform: d09bf68614088b80899f8185d706f6e7 -> 
  custom:video-encoder-webm-vp8: eb34c28f22e8b96e1ab97ce403110664 -> 
  custom:audio-decoder-ogg-vorbis: bf7c407c2cedff20999df2af8eb42d56 -> 
  custom:audio-encoder-webm-vorbis: bf7c407c2cedff20999df2af8eb42d56 -> 
========================================================================
Received Import Request.
  Time since last request: 6606.736490 seconds.
  path: Assets/PolygonNature/_TerrainAutoUpgrade/layer_GrassBaseGrass_normals2023054508611406.terrainlayer
  artifactKey: Guid(125ce5c8840417b4ab3c43e1a2ed0042) Importer(815301076,1909f56bfc062723c751e8b465ee728b)
Start importing Assets/PolygonNature/_TerrainAutoUpgrade/layer_GrassBaseGrass_normals2023054508611406.terrainlayer using Guid(125ce5c8840417b4ab3c43e1a2ed0042) Importer(815301076,1909f56bfc062723c751e8b465ee728b)  -> (artifact id: '5d5f0ceca00b2f8257d74333727a7080') in 0.111248 seconds
Number of updated asset objects reloaded before import = 0
Number of asset objects unloaded after import = 4
========================================================================
Received Import Request.
  Time since last request: 0.000029 seconds.
  path: Assets/PolygonNature/_TerrainAutoUpgrade/layer_Sand_DesertBaseGrass_normals2023054508611406.terrainlayer
  artifactKey: Guid(da66f7193a76906429fb00f235e99cb3) Importer(815301076,1909f56bfc062723c751e8b465ee728b)
Start importing Assets/PolygonNature/_TerrainAutoUpgrade/layer_Sand_DesertBaseGrass_normals2023054508611406.terrainlayer using Guid(da66f7193a76906429fb00f235e99cb3) Importer(815301076,1909f56bfc062723c751e8b465ee728b)  -> (artifact id: '661e0a41488dfed29b48614c8c427e8c') in 0.025212 seconds
Number of updated asset objects reloaded before import = 0
Number of asset objects unloaded after import = 4
========================================================================
Received Import Request.
  Time since last request: 0.000016 seconds.
  path: Assets/PolygonNature/_TerrainAutoUpgrade/layer_FlowersFlowers_normals793646612c42751.terrainlayer
  artifactKey: Guid(832b94804f2d6df44bacaa7e71619273) Importer(815301076,1909f56bfc062723c751e8b465ee728b)
Start importing Assets/PolygonNature/_TerrainAutoUpgrade/layer_FlowersFlowers_normals793646612c42751.terrainlayer using Guid(832b94804f2d6df44bacaa7e71619273) Importer(815301076,1909f56bfc062723c751e8b465ee728b)  -> (artifact id: '30c11cccc455fe167c9842833b5963d2') in 0.025306 seconds
Number of updated asset objects reloaded before import = 0
Number of asset objects unloaded after import = 4
========================================================================
Received Import Request.
  Time since last request: 0.000017 seconds.
  path: Assets/PolygonNature/_TerrainAutoUpgrade/layer_SnowGrassHigherDetail_normalsb8875f45e9c15431.terrainlayer
  artifactKey: Guid(266636af17eedef408af3a48660c5fce) Importer(815301076,1909f56bfc062723c751e8b465ee728b)
Start importing Assets/PolygonNature/_TerrainAutoUpgrade/layer_SnowGrassHigherDetail_normalsb8875f45e9c15431.terrainlayer using Guid(266636af17eedef408af3a48660c5fce) Importer(815301076,1909f56bfc062723c751e8b465ee728b)  -> (artifact id: 'b9a3235bca6d150588747d28d69e64bc') in 0.018921 seconds
Number of updated asset objects reloaded before import = 0
Number of asset objects unloaded after import = 4
========================================================================
Received Import Request.
  Time since last request: 0.000015 seconds.
  path: Assets/PolygonNature/_TerrainAutoUpgrade/layer_Pebbles_SandPebbles_normalsb8875f45e9c15431.terrainlayer
  artifactKey: Guid(0ab46def99fd91d45bcfab5e1227ecce) Importer(815301076,1909f56bfc062723c751e8b465ee728b)
Start importing Assets/PolygonNature/_TerrainAutoUpgrade/layer_Pebbles_SandPebbles_normalsb8875f45e9c15431.terrainlayer using Guid(0ab46def99fd91d45bcfab5e1227ecce) Importer(815301076,1909f56bfc062723c751e8b465ee728b)  -> (artifact id: '9423c1fee8246f02f412a296cfded015') in 0.024088 seconds
Number of updated asset objects reloaded before import = 0
Number of asset objects unloaded after import = 4
========================================================================
Received Import Request.
  Time since last request: 15.638263 seconds.
  path: Assets/PolygonNature
  artifactKey: Guid(d60bd84d097f69e428edc5ef8bd2e610) Importer(815301076,1909f56bfc062723c751e8b465ee728b)
Start importing Assets/PolygonNature using Guid(d60bd84d097f69e428edc5ef8bd2e610) Importer(815301076,1909f56bfc062723c751e8b465ee728b)  -> (artifact id: '7699bc180dedc4baa0319cc3b15ade4b') in 0.000519 seconds
Number of updated asset objects reloaded before import = 0
Number of asset objects unloaded after import = 0
========================================================================
Received Import Request.
  Time since last request: 3.774663 seconds.
  path: Assets/PolygonNature/Textures
  artifactKey: Guid(eb881ce309fac0740ad99a3494dddb46) Importer(815301076,1909f56bfc062723c751e8b465ee728b)
Start importing Assets/PolygonNature/Textures using Guid(eb881ce309fac0740ad99a3494dddb46) Importer(815301076,1909f56bfc062723c751e8b465ee728b)  -> (artifact id: '790a6cc20b2571f3a830ec2d6e2de010') in 0.000454 seconds
Number of updated asset objects reloaded before import = 0
Number of asset objects unloaded after import = 0
========================================================================
Received Import Request.
  Time since last request: 0.080192 seconds.
  path: Assets/PolygonNature/Textures/PolygonNature_01.png
  artifactKey: Guid(2edd58f7c433e934db9029c375173b44) Importer(815301076,1909f56bfc062723c751e8b465ee728b)
Start importing Assets/PolygonNature/Textures/PolygonNature_01.png using Guid(2edd58f7c433e934db9029c375173b44) Importer(815301076,1909f56bfc062723c751e8b465ee728b)  -> (artifact id: 'af53abf16edf16adc979dbe1323f5187') in 0.032444 seconds
Number of updated asset objects reloaded before import = 0
Number of asset objects unloaded after import = 2
========================================================================
Received Import Request.
  Time since last request: 3.436793 seconds.
  path: Assets/Scenes
  artifactKey: Guid(c8ca40edda7ed6f42aca203e4296a593) Importer(815301076,1909f56bfc062723c751e8b465ee728b)
Start importing Assets/Scenes using Guid(c8ca40edda7ed6f42aca203e4296a593) Importer(815301076,1909f56bfc062723c751e8b465ee728b)  -> (artifact id: '9c92330beac5d2047b8db6b25081d52e') in 0.000524 seconds
Number of updated asset objects reloaded before import = 0
Number of asset objects unloaded after import = 0
========================================================================
Received Import Request.
  Time since last request: 0.841183 seconds.
  path: Assets/Scenes/player material.mat
  artifactKey: Guid(3d2f39d93f8ba4343bd38aa5b123ecde) Importer(815301076,1909f56bfc062723c751e8b465ee728b)
Start importing Assets/Scenes/player material.mat using Guid(3d2f39d93f8ba4343bd38aa5b123ecde) Importer(815301076,1909f56bfc062723c751e8b465ee728b)  -> (artifact id: 'a708487ba5985e17f4f5de77a553553c') in 0.082448 seconds
Number of updated asset objects reloaded before import = 0
Number of asset objects unloaded after import = 1
========================================================================
Received Import Request.
  Time since last request: 3.146423 seconds.
  path: Assets/PolygonNature/Materials/PolygonNature_01.mat
  artifactKey: Guid(b72e16591230315448c77c827b522ae1) Importer(815301076,1909f56bfc062723c751e8b465ee728b)
Start importing Assets/PolygonNature/Materials/PolygonNature_01.mat using Guid(b72e16591230315448c77c827b522ae1) Importer(815301076,1909f56bfc062723c751e8b465ee728b)  -> (artifact id: '50da6121a916efbf014c8a29355b4320') in 0.132671 seconds
Number of updated asset objects reloaded before import = 0
Number of asset objects unloaded after import = 2
========================================================================
Received Import Request.
  Time since last request: 0.000019 seconds.
  path: Assets/PolygonNature/Materials/PolygonNature_Tree_TrunkDead.mat
  artifactKey: Guid(b291e3a6f626bc24d918f721ab101467) Importer(815301076,1909f56bfc062723c751e8b465ee728b)
Start importing Assets/PolygonNature/Materials/PolygonNature_Tree_TrunkDead.mat using Guid(b291e3a6f626bc24d918f721ab101467) Importer(815301076,1909f56bfc062723c751e8b465ee728b)  -> (artifact id: '14cb24153d4095a66c703a77b6170d84') in 0.241539 seconds
Number of updated asset objects reloaded before import = 0
Number of asset objects unloaded after import = 4
========================================================================
Received Import Request.
  Time since last request: 2.851894 seconds.
  path: Assets/PolygonNature/Models/MountainSkybox.fbx
  artifactKey: Guid(2d340581e3fa79c48b1401265c761387) Importer(815301076,1909f56bfc062723c751e8b465ee728b)
Start importing Assets/PolygonNature/Models/MountainSkybox.fbx using Guid(2d340581e3fa79c48b1401265c761387) Importer(815301076,1909f56bfc062723c751e8b465ee728b)  -> (artifact id: 'ec23a3a633fd55524a8223f5caf9b2fd') in 0.043863 seconds
Number of updated asset objects reloaded before import = 0
Number of asset objects unloaded after import = 7
========================================================================
Received Import Request.
  Time since last request: 0.000032 seconds.
  path: Assets/PolygonNature/Models/SM_Plant_Flowers_01.fbx
  artifactKey: Guid(e83d1cd6063c4a74da2bdf940667e7a9) Importer(815301076,1909f56bfc062723c751e8b465ee728b)
Start importing Assets/PolygonNature/Models/SM_Plant_Flowers_01.fbx using Guid(e83d1cd6063c4a74da2bdf940667e7a9) Importer(815301076,1909f56bfc062723c751e8b465ee728b)  -> (artifact id: '1d1954a0bb23af8d0f49ebbf5e9319ab') in 0.046219 seconds
Number of updated asset objects reloaded before import = 0
Number of asset objects unloaded after import = 7
========================================================================
Received Import Request.
  Time since last request: 0.000026 seconds.
  path: Assets/PolygonNature/Models/SM_Plant_Grass_04.fbx
  artifactKey: Guid(9e83d711d4b07434996cf1ab95508652) Importer(815301076,1909f56bfc062723c751e8b465ee728b)
Start importing Assets/PolygonNature/Models/SM_Plant_Grass_04.fbx using Guid(9e83d711d4b07434996cf1ab95508652) Importer(815301076,1909f56bfc062723c751e8b465ee728b)  -> (artifact id: '9ec6d440095af759ae4262eda2ece233') in 0.016933 seconds
Number of updated asset objects reloaded before import = 0
Number of asset objects unloaded after import = 7
========================================================================
Received Import Request.
  Time since last request: 0.000020 seconds.
  path: Assets/PolygonNature/Models/SM_Plant_Hedge_Bush_02.fbx
  artifactKey: Guid(8aa0da86cda6ff84a962729de15d9bd7) Importer(815301076,1909f56bfc062723c751e8b465ee728b)
Start importing Assets/PolygonNature/Models/SM_Plant_Hedge_Bush_02.fbx using Guid(8aa0da86cda6ff84a962729de15d9bd7) Importer(815301076,1909f56bfc062723c751e8b465ee728b)  -> (artifact id: '2f6e6ccb18bdab05ae988253e25f9e4b') in 0.018425 seconds
Number of updated asset objects reloaded before import = 0
Number of asset objects unloaded after import = 7
========================================================================
Received Import Request.
  Time since last request: 0.000023 seconds.
  path: Assets/PolygonNature/Models/SM_Plant_Bush_03.fbx
  artifactKey: Guid(e85775cd669ca8a45946e8ef5ea61db1) Importer(815301076,1909f56bfc062723c751e8b465ee728b)
Start importing Assets/PolygonNature/Models/SM_Plant_Bush_03.fbx using Guid(e85775cd669ca8a45946e8ef5ea61db1) Importer(815301076,1909f56bfc062723c751e8b465ee728b)  -> (artifact id: 'fbd66344d527a270e0cd33c74bf64c08') in 0.018254 seconds
Number of updated asset objects reloaded before import = 0
Number of asset objects unloaded after import = 7
========================================================================
Received Import Request.
  Time since last request: 0.000019 seconds.
  path: Assets/PolygonNature/Models/SM_Plant_Bush_Leaves_01.fbx
  artifactKey: Guid(d37252cbe4c33f74eb0e5a7047a99984) Importer(815301076,1909f56bfc062723c751e8b465ee728b)
Start importing Assets/PolygonNature/Models/SM_Plant_Bush_Leaves_01.fbx using Guid(d37252cbe4c33f74eb0e5a7047a99984) Importer(815301076,1909f56bfc062723c751e8b465ee728b)  -> (artifact id: '911aa6e9abf26dfa3158181c1d3e3a35') in 0.041881 seconds
Number of updated asset objects reloaded before import = 0
Number of asset objects unloaded after import = 7
========================================================================
Received Import Request.
  Time since last request: 0.000016 seconds.
  path: Assets/PolygonNature/Models/SM_Plant_Grass_02.fbx
  artifactKey: Guid(79fa8a96aca863a4a94a9bbf601cf64f) Importer(815301076,1909f56bfc062723c751e8b465ee728b)
Start importing Assets/PolygonNature/Models/SM_Plant_Grass_02.fbx using Guid(79fa8a96aca863a4a94a9bbf601cf64f) Importer(815301076,1909f56bfc062723c751e8b465ee728b)  -> (artifact id: 'b996d189655acffbd82d33c85ab251bd') in 0.017550 seconds
Number of updated asset objects reloaded before import = 0
Number of asset objects unloaded after import = 7
========================================================================
Received Import Request.
  Time since last request: 0.000023 seconds.
  path: Assets/PolygonNature/Models/SM_Plant_01.fbx
  artifactKey: Guid(8ad98dc146c111b4d8b2d1ba8a5ffd27) Importer(815301076,1909f56bfc062723c751e8b465ee728b)
Start importing Assets/PolygonNature/Models/SM_Plant_01.fbx using Guid(8ad98dc146c111b4d8b2d1ba8a5ffd27) Importer(815301076,1909f56bfc062723c751e8b465ee728b)  -> (artifact id: '6aafdadd1fe70e565603ea31a821a542') in 0.016001 seconds
Number of updated asset objects reloaded before import = 0
Number of asset objects unloaded after import = 7
========================================================================
Received Import Request.
  Time since last request: 0.000020 seconds.
  path: Assets/PolygonNature/Models/River_Plane_Dip_02.fbx
  artifactKey: Guid(088374a8599b68a48853f301159764d4) Importer(815301076,1909f56bfc062723c751e8b465ee728b)
Start importing Assets/PolygonNature/Models/River_Plane_Dip_02.fbx using Guid(088374a8599b68a48853f301159764d4) Importer(815301076,1909f56bfc062723c751e8b465ee728b)  -> (artifact id: '01000076165119ee42f2ec4a39ffecf6') in 0.027448 seconds
Number of updated asset objects reloaded before import = 0
Number of asset objects unloaded after import = 7
========================================================================
Received Import Request.
  Time since last request: 0.000016 seconds.
  path: Assets/PolygonNature/Models/SM_Plant_Fern_03.fbx
  artifactKey: Guid(671759ce20912384fb0d81c446dae428) Importer(815301076,1909f56bfc062723c751e8b465ee728b)
Start importing Assets/PolygonNature/Models/SM_Plant_Fern_03.fbx using Guid(671759ce20912384fb0d81c446dae428) Importer(815301076,1909f56bfc062723c751e8b465ee728b)  -> (artifact id: 'd6a12b251b6c57978c1138b2f31cdcb1') in 0.015708 seconds
Number of updated asset objects reloaded before import = 0
Number of asset objects unloaded after import = 7
========================================================================
Received Import Request.
  Time since last request: 0.000021 seconds.
  path: Assets/PolygonNature/Models/SM_Plant_Grass_01.fbx
  artifactKey: Guid(7d71c6eff99c32a47a618358f38c3f53) Importer(815301076,1909f56bfc062723c751e8b465ee728b)
Start importing Assets/PolygonNature/Models/SM_Plant_Grass_01.fbx using Guid(7d71c6eff99c32a47a618358f38c3f53) Importer(815301076,1909f56bfc062723c751e8b465ee728b)  -> (artifact id: '5e4ed1ef9bf8f4cdf193aecf9727e1eb') in 0.016248 seconds
Number of updated asset objects reloaded before import = 0
Number of asset objects unloaded after import = 7
========================================================================
Received Import Request.
  Time since last request: 0.000021 seconds.
  path: Assets/PolygonNature/Models/SM_Plant_04.fbx
  artifactKey: Guid(92501178692308e489d1388fdb0a082d) Importer(815301076,1909f56bfc062723c751e8b465ee728b)
Start importing Assets/PolygonNature/Models/SM_Plant_04.fbx using Guid(92501178692308e489d1388fdb0a082d) Importer(815301076,1909f56bfc062723c751e8b465ee728b)  -> (artifact id: 'ceff725d24c6470c30e787abe5805727') in 0.015916 seconds
Number of updated asset objects reloaded before import = 0
Number of asset objects unloaded after import = 7
========================================================================
Received Import Request.
  Time since last request: 0.000020 seconds.
  path: Assets/PolygonNature/Models/SM_Plant_Hedge_Bush_01.fbx
  artifactKey: Guid(ee546736cc786ad4296c2af1a106cef8) Importer(815301076,1909f56bfc062723c751e8b465ee728b)
Start importing Assets/PolygonNature/Models/SM_Plant_Hedge_Bush_01.fbx using Guid(ee546736cc786ad4296c2af1a106cef8) Importer(815301076,1909f56bfc062723c751e8b465ee728b)  -> (artifact id: '1706e0099e0631f7c254daf2661660ff') in 0.014379 seconds
Number of updated asset objects reloaded before import = 0
Number of asset objects unloaded after import = 7
========================================================================
Received Import Request.
  Time since last request: 4.702194 seconds.
  path: Assets/PolygonNature/Prefabs/Terrain
  artifactKey: Guid(54b0655a3056fee44bac26ce15a07664) Importer(815301076,1909f56bfc062723c751e8b465ee728b)
Start importing Assets/PolygonNature/Prefabs/Terrain using Guid(54b0655a3056fee44bac26ce15a07664) Importer(815301076,1909f56bfc062723c751e8b465ee728b)  -> (artifact id: '182dd7efe502a40a7d057d62b421382d') in 0.000532 seconds
Number of updated asset objects reloaded before import = 0
Number of asset objects unloaded after import = 0
========================================================================
Received Import Request.
  Time since last request: 0.133425 seconds.
  path: Assets/PolygonNature/Prefabs/Terrain/MountainSkybox.prefab
  artifactKey: Guid(14f4f60387c6fb64f954511f05df977f) Importer(815301076,1909f56bfc062723c751e8b465ee728b)
Start importing Assets/PolygonNature/Prefabs/Terrain/MountainSkybox.prefab using Guid(14f4f60387c6fb64f954511f05df977f) Importer(815301076,1909f56bfc062723c751e8b465ee728b)  -> (artifact id: 'afe20beb00384abc350cda56f116c45c') in 0.261991 seconds
Number of updated asset objects reloaded before import = 0
Number of asset objects unloaded after import = 10
========================================================================
Received Import Request.
  Time since last request: 0.000026 seconds.
  path: Assets/PolygonNature/Prefabs/Terrain/SM_Terrain_Ground_Mound_Small_01.prefab
  artifactKey: Guid(bc34082eb2ec74340a780dc888a3b151) Importer(815301076,1909f56bfc062723c751e8b465ee728b)
Start importing Assets/PolygonNature/Prefabs/Terrain/SM_Terrain_Ground_Mound_Small_01.prefab using Guid(bc34082eb2ec74340a780dc888a3b151) Importer(815301076,1909f56bfc062723c751e8b465ee728b)  -> (artifact id: 'ac480413f6febca2cb2ec654870065bb') in 0.020916 seconds
Number of updated asset objects reloaded before import = 0
Number of asset objects unloaded after import = 11
========================================================================
Received Import Request.
  Time since last request: 0.000022 seconds.
  path: Assets/PolygonNature/Prefabs/Terrain/SM_Terrain_GrassEdge_Roots_01.prefab
  artifactKey: Guid(47eef7b0430f17042bd3945496331cba) Importer(815301076,1909f56bfc062723c751e8b465ee728b)
Start importing Assets/PolygonNature/Prefabs/Terrain/SM_Terrain_GrassEdge_Roots_01.prefab using Guid(47eef7b0430f17042bd3945496331cba) Importer(815301076,1909f56bfc062723c751e8b465ee728b)  -> (artifact id: '6a1a7386197d49d154db6faf6acfd4cd') in 0.013055 seconds
Number of updated asset objects reloaded before import = 0
Number of asset objects unloaded after import = 9
========================================================================
Received Import Request.
  Time since last request: 0.000018 seconds.
  path: Assets/PolygonNature/Prefabs/Terrain/SM_Terrain_RiverSide_01.prefab
  artifactKey: Guid(1e7f367a16db28248850e7ef39453bec) Importer(815301076,1909f56bfc062723c751e8b465ee728b)
Start importing Assets/PolygonNature/Prefabs/Terrain/SM_Terrain_RiverSide_01.prefab using Guid(1e7f367a16db28248850e7ef39453bec) Importer(815301076,1909f56bfc062723c751e8b465ee728b)  -> (artifact id: '4bf572acb7976cb534888454ea1e90a5') in 0.013327 seconds
Number of updated asset objects reloaded before import = 0
Number of asset objects unloaded after import = 11
========================================================================
Received Import Request.
  Time since last request: 0.000016 seconds.
  path: Assets/PolygonNature/Prefabs/Terrain/SM_Terrain_Rubble_Pebbles_03.prefab
  artifactKey: Guid(7f4082e70edb70e4b83b1d67eb74deb5) Importer(815301076,1909f56bfc062723c751e8b465ee728b)
Start importing Assets/PolygonNature/Prefabs/Terrain/SM_Terrain_Rubble_Pebbles_03.prefab using Guid(7f4082e70edb70e4b83b1d67eb74deb5) Importer(815301076,1909f56bfc062723c751e8b465ee728b)  -> (artifact id: 'acbd17efade2940412382b4fff680d36') in 0.012846 seconds
Number of updated asset objects reloaded before import = 0
Number of asset objects unloaded after import = 9
========================================================================
Received Import Request.
  Time since last request: 0.000021 seconds.
  path: Assets/PolygonNature/Prefabs/Terrain/SM_Terrain_Ice_01.prefab
  artifactKey: Guid(e3cd882847f3b274485b6d2e747fea8a) Importer(815301076,1909f56bfc062723c751e8b465ee728b)
Start importing Assets/PolygonNature/Prefabs/Terrain/SM_Terrain_Ice_01.prefab using Guid(e3cd882847f3b274485b6d2e747fea8a) Importer(815301076,1909f56bfc062723c751e8b465ee728b)  -> (artifact id: 'fd8d0d232276f96a18ff7b71057ba12b') in 0.013586 seconds
Number of updated asset objects reloaded before import = 0
Number of asset objects unloaded after import = 10
========================================================================
Received Import Request.
  Time since last request: 0.000017 seconds.
  path: Assets/PolygonNature/Prefabs/Terrain/SM_Terrain_Mountain_01.prefab
  artifactKey: Guid(22084b44ff77aa04b8d3f46ea47f9a17) Importer(815301076,1909f56bfc062723c751e8b465ee728b)
Start importing Assets/PolygonNature/Prefabs/Terrain/SM_Terrain_Mountain_01.prefab using Guid(22084b44ff77aa04b8d3f46ea47f9a17) Importer(815301076,1909f56bfc062723c751e8b465ee728b)  -> (artifact id: '909768939ec30a19ce17fdbd0e26bf7c') in 0.014165 seconds
Number of updated asset objects reloaded before import = 0
Number of asset objects unloaded after import = 11
========================================================================
Received Import Request.
  Time since last request: 0.000020 seconds.
  path: Assets/PolygonNature/Prefabs/Terrain/SM_Terrain_Swamp_Growth_03.prefab
  artifactKey: Guid(a383debb8fe64614fa95efaf685404ec) Importer(815301076,1909f56bfc062723c751e8b465ee728b)
Start importing Assets/PolygonNature/Prefabs/Terrain/SM_Terrain_Swamp_Growth_03.prefab using Guid(a383debb8fe64614fa95efaf685404ec) Importer(815301076,1909f56bfc062723c751e8b465ee728b)  -> (artifact id: 'a01d5f76a95628b2363f42a8f11787fd') in 0.016294 seconds
Number of updated asset objects reloaded before import = 0
Number of asset objects unloaded after import = 9
========================================================================
Received Import Request.
  Time since last request: 0.000017 seconds.
  path: Assets/PolygonNature/Prefabs/Terrain/SM_Terrain_GrassEdge_Roots_02.prefab
  artifactKey: Guid(a77b4654fc33b0e4f9e776abad04b55d) Importer(815301076,1909f56bfc062723c751e8b465ee728b)
Start importing Assets/PolygonNature/Prefabs/Terrain/SM_Terrain_GrassEdge_Roots_02.prefab using Guid(a77b4654fc33b0e4f9e776abad04b55d) Importer(815301076,1909f56bfc062723c751e8b465ee728b)  -> (artifact id: 'a6b0859a5ef409cd8ae26f6e6634f1b8') in 0.014181 seconds
Number of updated asset objects reloaded before import = 0
Number of asset objects unloaded after import = 9
========================================================================
Received Import Request.
  Time since last request: 0.000021 seconds.
  path: Assets/PolygonNature/Prefabs/Terrain/SM_Terrain_Mountain_02.prefab
  artifactKey: Guid(32b94dc5e26751347ab1fe51b7d6f176) Importer(815301076,1909f56bfc062723c751e8b465ee728b)
Start importing Assets/PolygonNature/Prefabs/Terrain/SM_Terrain_Mountain_02.prefab using Guid(32b94dc5e26751347ab1fe51b7d6f176) Importer(815301076,1909f56bfc062723c751e8b465ee728b)  -> (artifact id: 'cdfbef719231eb042043199ec300476b') in 0.013856 seconds
Number of updated asset objects reloaded before import = 0
Number of asset objects unloaded after import = 11
========================================================================
Received Import Request.
  Time since last request: 0.000017 seconds.
  path: Assets/PolygonNature/Prefabs/Terrain/SM_Terrain_DustPile_Small_02.prefab
  artifactKey: Guid(39b9c0310c157384a8f97b91ba998713) Importer(815301076,1909f56bfc062723c751e8b465ee728b)
Start importing Assets/PolygonNature/Prefabs/Terrain/SM_Terrain_DustPile_Small_02.prefab using Guid(39b9c0310c157384a8f97b91ba998713) Importer(815301076,1909f56bfc062723c751e8b465ee728b)  -> (artifact id: 'dfd54b75042ccc4762aacead49d9ab11') in 0.013998 seconds
Number of updated asset objects reloaded before import = 0
Number of asset objects unloaded after import = 10
========================================================================
Received Import Request.
  Time since last request: 0.000017 seconds.
  path: Assets/PolygonNature/Prefabs/Terrain/SM_Terrain_DustPile_Small_01.prefab
  artifactKey: Guid(bb300cb76438b164cb8d80ce9afb85ba) Importer(815301076,1909f56bfc062723c751e8b465ee728b)
Start importing Assets/PolygonNature/Prefabs/Terrain/SM_Terrain_DustPile_Small_01.prefab using Guid(bb300cb76438b164cb8d80ce9afb85ba) Importer(815301076,1909f56bfc062723c751e8b465ee728b)  -> (artifact id: 'a8aa916ffd431b802981ebc3d37942f9') in 0.013803 seconds
Number of updated asset objects reloaded before import = 0
Number of asset objects unloaded after import = 11
========================================================================
Received Import Request.
  Time since last request: 0.000018 seconds.
  path: Assets/PolygonNature/Prefabs/Terrain/SM_Terrain_Ground_Mound_Large_01.prefab
  artifactKey: Guid(9c88bacd4357689499c1e5f63123508e) Importer(815301076,1909f56bfc062723c751e8b465ee728b)
Start importing Assets/PolygonNature/Prefabs/Terrain/SM_Terrain_Ground_Mound_Large_01.prefab using Guid(9c88bacd4357689499c1e5f63123508e) Importer(815301076,1909f56bfc062723c751e8b465ee728b)  -> (artifact id: '6e08950c6bf3d14a93ae2ea718a38647') in 0.015017 seconds
Number of updated asset objects reloaded before import = 0
Number of asset objects unloaded after import = 11
========================================================================
Received Import Request.
  Time since last request: 0.000024 seconds.
  path: Assets/PolygonNature/Prefabs/Terrain/SM_Terrain_DustPile_Long_01.prefab
  artifactKey: Guid(86a0096cfc414d0498a49afb078290f3) Importer(815301076,1909f56bfc062723c751e8b465ee728b)
Start importing Assets/PolygonNature/Prefabs/Terrain/SM_Terrain_DustPile_Long_01.prefab using Guid(86a0096cfc414d0498a49afb078290f3) Importer(815301076,1909f56bfc062723c751e8b465ee728b)  -> (artifact id: '595bfa5f354f1787a2a70d736bc62224') in 0.014710 seconds
Number of updated asset objects reloaded before import = 0
Number of asset objects unloaded after import = 11
========================================================================
Received Import Request.
  Time since last request: 0.000020 seconds.
  path: Assets/PolygonNature/Prefabs/Terrain/SM_Terrain_GrassEdge_01.prefab
  artifactKey: Guid(7da8f896399831c46bd9bfafc844a571) Importer(815301076,1909f56bfc062723c751e8b465ee728b)
Start importing Assets/PolygonNature/Prefabs/Terrain/SM_Terrain_GrassEdge_01.prefab using Guid(7da8f896399831c46bd9bfafc844a571) Importer(815301076,1909f56bfc062723c751e8b465ee728b)  -> (artifact id: '606fa39cbdc177893c0742d3da945bd5') in 0.012322 seconds
Number of updated asset objects reloaded before import = 0
Number of asset objects unloaded after import = 10
========================================================================
Received Import Request.
  Time since last request: 1348.637144 seconds.
  path: Assets/PolygonNature/Textures/Ground_Textures/Leaves_02.png
  artifactKey: Guid(b7092185d138e6240b14133750049404) Importer(815301076,1909f56bfc062723c751e8b465ee728b)
Start importing Assets/PolygonNature/Textures/Ground_Textures/Leaves_02.png using Guid(b7092185d138e6240b14133750049404) Importer(815301076,1909f56bfc062723c751e8b465ee728b)  -> (artifact id: 'e189c3fb9cccae7e76aed8750bfbb94c') in 0.042291 seconds
Number of updated asset objects reloaded before import = 0
Number of asset objects unloaded after import = 2
